2025-12-12 09:38:32.833 -05:00 [WRN] [] [] Entity 'Tenant' has a global query filter defined and is the required end of a relationship with the entity 'UserInvitation'. This may lead to unexpected results when the required entity is filtered out. Either configure the navigation as optional, or define matching query filters for both entities in the navigation. See https://go.microsoft.com/fwlink/?linkid=2131316 for more information.
2025-12-12 09:38:32.875 -05:00 [WRN] [] [] The property 'TenantMembership.Roles' is a collection or enumeration type with a value converter but with no value comparer. Set a value comparer to ensure the collection/enumeration elements are compared correctly.
2025-12-12 09:38:33.860 -05:00 [INF] [] [] Role permission templates checked/seeded successfully
2025-12-12 09:38:33.989 -05:00 [INF] [] [] Starting MyScheduling API
2025-12-12 09:38:38.942 -05:00 [WRN] [4kd910igcm] [anonymous] Failed to determine the https port for redirect.
2025-12-12 09:38:38.960 -05:00 [WRN] [4kd910igcm] [anonymous] HTTP GET /api/helparticles responded 401 in 41ms
2025-12-12 09:38:38.960 -05:00 [WRN] [4kd910igcm] [anonymous] HTTP GET /api/certifications/expiring responded 401 in 10ms
2025-12-12 09:38:38.972 -05:00 [WRN] [4kd910igcm] [anonymous] HTTP GET /api/assignmentrequests responded 401 in 23ms
2025-12-12 09:38:38.972 -05:00 [WRN] [4kd910igcm] [anonymous] HTTP GET /api/bookings responded 401 in 3ms
2025-12-12 09:38:38.972 -05:00 [WRN] [4kd910igcm] [anonymous] HTTP GET /api/delegationofauthority/letters/range responded 401 in 3ms
2025-12-12 09:38:38.972 -05:00 [WRN] [4kd910igcm] [anonymous] HTTP GET /api/dashboard responded 401 in 23ms
2025-12-12 09:38:38.972 -05:00 [WRN] [4kd910igcm] [anonymous] HTTP GET /api/assignmentrequests responded 401 in 23ms
2025-12-12 09:38:38.972 -05:00 [WRN] [4kd910igcm] [anonymous] HTTP GET /api/tenantsettings responded 401 in 23ms
2025-12-12 09:38:38.980 -05:00 [WRN] [4kd910igcm] [anonymous] HTTP GET /api/helparticles responded 401 in 1ms
2025-12-12 09:38:38.980 -05:00 [WRN] [4kd910igcm] [anonymous] HTTP GET /api/projectassignments responded 401 in 2ms
2025-12-12 09:38:38.980 -05:00 [WRN] [4kd910igcm] [anonymous] HTTP GET /api/forecasts/my-forecasts responded 401 in 2ms
2025-12-12 09:38:39.187 -05:00 [INF] [55e05dedde2b] [anonymous] HTTP GET /api/auth/sso/config responded 200 in 13ms
2025-12-12 09:38:48.914 -05:00 [WRN] [elehz562bc] [anonymous] HTTP GET /api/helparticles responded 401 in 0ms
2025-12-12 09:38:49.134 -05:00 [INF] [3a9773b9c60c] [anonymous] HTTP GET /api/auth/sso/config responded 200 in 0ms
2025-12-12 09:38:54.328 -05:00 [INF] [s0br23msoys] [anonymous] Successful login for user admin@admin.com
2025-12-12 09:38:54.406 -05:00 [INF] [s0br23msoys] [anonymous] HTTP POST /api/auth/login responded 200 in 741ms
2025-12-12 09:38:54.471 -05:00 [INF] [s0br23msoys] [anonymous] HTTP GET /api/helparticles responded 200 in 61ms
2025-12-12 09:39:18.491 -05:00 [INF] [s0br23msoys] [anonymous] HTTP GET /api/certifications/expiring responded 200 in 115ms
2025-12-12 09:39:18.797 -05:00 [INF] [s0br23msoys] [anonymous] HTTP GET /api/delegationofauthority/letters/range responded 200 in 303ms
2025-12-12 09:39:18.813 -05:00 [INF] [s0br23msoys] [anonymous] HTTP GET /api/tenantsettings responded 200 in 438ms
2025-12-12 09:39:18.826 -05:00 [INF] [s0br23msoys] [anonymous] HTTP GET /api/bookings responded 200 in 451ms
2025-12-12 09:39:18.861 -05:00 [INF] [s0br23msoys] [anonymous] HTTP GET /api/helparticles responded 200 in 32ms
2025-12-12 09:39:18.891 -05:00 [INF] [s0br23msoys] [anonymous] HTTP GET /api/assignmentrequests responded 200 in 516ms
2025-12-12 09:39:18.895 -05:00 [INF] [s0br23msoys] [anonymous] HTTP GET /api/projectassignments responded 200 in 95ms
2025-12-12 09:39:18.896 -05:00 [INF] [s0br23msoys] [anonymous] HTTP GET /api/assignmentrequests responded 200 in 522ms
2025-12-12 09:39:18.913 -05:00 [INF] [s0br23msoys] [anonymous] HTTP GET /api/forecasts/my-forecasts responded 200 in 97ms
2025-12-12 09:39:18.927 -05:00 [INF] [s0br23msoys] [b10dac11-72fb-44ce-accb-c4074fba045b] Dashboard data retrieved for user "b10dac11-72fb-44ce-accb-c4074fba045b"
2025-12-12 09:39:18.932 -05:00 [INF] [s0br23msoys] [anonymous] HTTP GET /api/dashboard responded 200 in 557ms
2025-12-12 09:39:21.248 -05:00 [INF] [s0br23msoys] [anonymous] HTTP GET /api/tenants responded 200 in 68ms
2025-12-12 09:39:21.310 -05:00 [INF] [s0br23msoys] [anonymous] HTTP GET /api/worklocationtemplates responded 200 in 130ms
2025-12-12 09:39:24.983 -05:00 [INF] [s0br23msoys] [anonymous] HTTP GET /api/bookings/offices responded 200 in 71ms
2025-12-12 09:39:28.076 -05:00 [INF] [s0br23msoys] [anonymous] HTTP DELETE /api/worklocationpreferences/4d92952c-6057-4fff-81ce-e79d0e562a63 responded 204 in 131ms
2025-12-12 09:39:28.185 -05:00 [INF] [s0br23msoys] [anonymous] HTTP DELETE /api/worklocationpreferences/1c712f1e-1a2e-497d-8f23-9fdde68a129f responded 204 in 104ms
2025-12-12 09:39:28.236 -05:00 [INF] [s0br23msoys] [b10dac11-72fb-44ce-accb-c4074fba045b] Creating work location preference for user "b10dac11-72fb-44ce-accb-c4074fba045b" on 2025-12-19
2025-12-12 09:39:28.360 -05:00 [INF] [s0br23msoys] [anonymous] HTTP POST /api/worklocationpreferences responded 201 in 169ms
2025-12-12 09:39:28.467 -05:00 [INF] [s0br23msoys] [b10dac11-72fb-44ce-accb-c4074fba045b] Dashboard data retrieved for user "b10dac11-72fb-44ce-accb-c4074fba045b"
2025-12-12 09:39:28.468 -05:00 [INF] [s0br23msoys] [anonymous] HTTP GET /api/dashboard responded 200 in 103ms
2025-12-12 09:39:28.588 -05:00 [INF] [s0br23msoys] [b10dac11-72fb-44ce-accb-c4074fba045b] Dashboard data retrieved for user "b10dac11-72fb-44ce-accb-c4074fba045b"
2025-12-12 09:39:28.589 -05:00 [INF] [s0br23msoys] [anonymous] HTTP GET /api/dashboard responded 200 in 118ms
2025-12-12 09:39:31.843 -05:00 [INF] [s0br23msoys] [anonymous] HTTP GET /api/helparticles responded 200 in 27ms
2025-12-12 09:39:31.901 -05:00 [INF] [s0br23msoys] [anonymous] HTTP GET /api/forecasts/my-forecasts responded 200 in 85ms
2025-12-12 09:39:31.903 -05:00 [INF] [s0br23msoys] [anonymous] HTTP GET /api/forecasts/my-forecasts responded 200 in 87ms
2025-12-12 09:39:31.908 -05:00 [INF] [s0br23msoys] [anonymous] HTTP GET /api/projectroleassignments/my-assignments responded 200 in 92ms
2025-12-12 09:39:42.125 -05:00 [INF] [s0br23msoys] [anonymous] HTTP GET /api/helparticles responded 200 in 32ms
2025-12-12 09:39:42.169 -05:00 [INF] [s0br23msoys] [anonymous] HTTP GET /api/groups responded 200 in 76ms
2025-12-12 09:39:42.175 -05:00 [INF] [s0br23msoys] [anonymous] HTTP GET /api/projects responded 200 in 82ms
2025-12-12 09:39:42.346 -05:00 [INF] [s0br23msoys] [anonymous] HTTP GET /api/people responded 200 in 253ms
2025-12-12 09:39:46.746 -05:00 [INF] [s0br23msoys] [anonymous] HTTP GET /api/files responded 200 in 42ms
2025-12-12 09:39:47.083 -05:00 [INF] [s0br23msoys] [anonymous] HTTP GET /api/resumes/my responded 200 in 379ms
2025-12-12 09:39:47.207 -05:00 [INF] [s0br23msoys] [anonymous] HTTP GET /api/resumes/453b30b5-7f4c-4b5b-b500-6a0e538953e5/versions responded 200 in 117ms
2025-12-12 09:39:47.298 -05:00 [INF] [s0br23msoys] [anonymous] HTTP GET /api/resumes/my responded 200 in 211ms
2025-12-12 09:39:47.404 -05:00 [INF] [s0br23msoys] [anonymous] HTTP GET /api/resumes/453b30b5-7f4c-4b5b-b500-6a0e538953e5/versions responded 200 in 99ms
2025-12-12 09:39:48.831 -05:00 [INF] [s0br23msoys] [anonymous] HTTP GET /api/helparticles responded 200 in 64ms
2025-12-12 09:39:49.061 -05:00 [INF] [s0br23msoys] [anonymous] HTTP GET /api/resumes/453b30b5-7f4c-4b5b-b500-6a0e538953e5 responded 200 in 282ms
2025-12-12 09:39:49.101 -05:00 [INF] [s0br23msoys] [anonymous] HTTP GET /api/certifications/user/b10dac11-72fb-44ce-accb-c4074fba045b responded 200 in 35ms
2025-12-12 09:39:49.118 -05:00 [INF] [s0br23msoys] [anonymous] HTTP GET /api/certifications responded 200 in 52ms
2025-12-12 09:39:49.120 -05:00 [INF] [s0br23msoys] [anonymous] HTTP GET /api/skills/user/b10dac11-72fb-44ce-accb-c4074fba045b responded 200 in 54ms
2025-12-12 09:39:49.179 -05:00 [INF] [s0br23msoys] [anonymous] HTTP GET /api/skills responded 200 in 113ms
2025-12-12 09:39:49.275 -05:00 [INF] [s0br23msoys] [anonymous] HTTP GET /api/resumes/453b30b5-7f4c-4b5b-b500-6a0e538953e5 responded 200 in 210ms
2025-12-12 09:39:49.310 -05:00 [INF] [s0br23msoys] [anonymous] HTTP GET /api/certifications/user/b10dac11-72fb-44ce-accb-c4074fba045b responded 200 in 29ms
2025-12-12 09:39:49.312 -05:00 [INF] [s0br23msoys] [anonymous] HTTP GET /api/skills/user/b10dac11-72fb-44ce-accb-c4074fba045b responded 200 in 30ms
2025-12-12 09:39:49.315 -05:00 [INF] [s0br23msoys] [anonymous] HTTP GET /api/certifications responded 200 in 34ms
2025-12-12 09:39:49.394 -05:00 [INF] [s0br23msoys] [anonymous] HTTP GET /api/skills responded 200 in 113ms
2025-12-12 09:39:56.526 -05:00 [INF] [s0br23msoys] [anonymous] Updated entry "3d6f0c9c-9391-424e-a6d7-a0350a7f8c03"
2025-12-12 09:39:56.526 -05:00 [INF] [s0br23msoys] [anonymous] HTTP PUT /api/resumes/entries/3d6f0c9c-9391-424e-a6d7-a0350a7f8c03 responded 204 in 122ms
2025-12-12 09:39:56.735 -05:00 [INF] [s0br23msoys] [anonymous] HTTP GET /api/resumes/453b30b5-7f4c-4b5b-b500-6a0e538953e5 responded 200 in 206ms
2025-12-12 09:39:56.770 -05:00 [INF] [s0br23msoys] [anonymous] HTTP GET /api/certifications/user/b10dac11-72fb-44ce-accb-c4074fba045b responded 200 in 30ms
2025-12-12 09:39:56.770 -05:00 [INF] [s0br23msoys] [anonymous] HTTP GET /api/skills/user/b10dac11-72fb-44ce-accb-c4074fba045b responded 200 in 30ms
2025-12-12 09:39:56.778 -05:00 [INF] [s0br23msoys] [anonymous] HTTP GET /api/certifications responded 200 in 38ms
2025-12-12 09:39:56.803 -05:00 [INF] [s0br23msoys] [anonymous] HTTP GET /api/skills responded 200 in 63ms
2025-12-12 09:40:20.828 -05:00 [INF] [s0br23msoys] [anonymous] Added entry "bad9aec1-179c-4a4b-81e2-46a34dea82d6" to section "e1625901-3208-4b6d-b66d-2f125f667d5f"
2025-12-12 09:40:20.830 -05:00 [INF] [s0br23msoys] [anonymous] HTTP POST /api/resumes/sections/e1625901-3208-4b6d-b66d-2f125f667d5f/entries responded 201 in 140ms
2025-12-12 09:40:21.088 -05:00 [INF] [s0br23msoys] [anonymous] HTTP GET /api/resumes/453b30b5-7f4c-4b5b-b500-6a0e538953e5 responded 200 in 251ms
2025-12-12 09:40:21.132 -05:00 [INF] [s0br23msoys] [anonymous] HTTP GET /api/certifications/user/b10dac11-72fb-44ce-accb-c4074fba045b responded 200 in 32ms
2025-12-12 09:40:21.137 -05:00 [INF] [s0br23msoys] [anonymous] HTTP GET /api/certifications responded 200 in 37ms
2025-12-12 09:40:21.138 -05:00 [INF] [s0br23msoys] [anonymous] HTTP GET /api/skills/user/b10dac11-72fb-44ce-accb-c4074fba045b responded 200 in 39ms
2025-12-12 09:40:21.207 -05:00 [INF] [s0br23msoys] [anonymous] HTTP GET /api/skills responded 200 in 107ms
2025-12-12 09:40:59.631 -05:00 [INF] [s0br23msoys] [anonymous] Added entry "8228574e-23f3-44f8-8a26-d5228151c56d" to section "14a14fc6-3de7-48b5-9307-b3626c974790"
2025-12-12 09:40:59.632 -05:00 [INF] [s0br23msoys] [anonymous] HTTP POST /api/resumes/sections/14a14fc6-3de7-48b5-9307-b3626c974790/entries responded 201 in 107ms
2025-12-12 09:40:59.894 -05:00 [INF] [s0br23msoys] [anonymous] HTTP GET /api/resumes/453b30b5-7f4c-4b5b-b500-6a0e538953e5 responded 200 in 254ms
2025-12-12 09:40:59.929 -05:00 [INF] [s0br23msoys] [anonymous] HTTP GET /api/certifications/user/b10dac11-72fb-44ce-accb-c4074fba045b responded 200 in 27ms
2025-12-12 09:40:59.934 -05:00 [INF] [s0br23msoys] [anonymous] HTTP GET /api/skills/user/b10dac11-72fb-44ce-accb-c4074fba045b responded 200 in 32ms
2025-12-12 09:40:59.938 -05:00 [INF] [s0br23msoys] [anonymous] HTTP GET /api/certifications responded 200 in 35ms
2025-12-12 09:40:59.956 -05:00 [INF] [s0br23msoys] [anonymous] HTTP GET /api/skills responded 200 in 54ms
2025-12-12 09:41:15.736 -05:00 [INF] [s0br23msoys] [b10dac11-72fb-44ce-accb-c4074fba045b] Added skill "12ccda01-e77d-43c2-a508-c136f369bf70" to user "b10dac11-72fb-44ce-accb-c4074fba045b"
2025-12-12 09:41:15.737 -05:00 [INF] [s0br23msoys] [anonymous] HTTP POST /api/skills/user/b10dac11-72fb-44ce-accb-c4074fba045b responded 201 in 183ms
2025-12-12 09:41:15.774 -05:00 [INF] [s0br23msoys] [anonymous] HTTP GET /api/skills/user/b10dac11-72fb-44ce-accb-c4074fba045b responded 200 in 32ms
2025-12-12 09:41:15.837 -05:00 [INF] [s0br23msoys] [anonymous] HTTP GET /api/skills responded 200 in 52ms
2025-12-12 09:41:28.868 -05:00 [INF] [s0br23msoys] [b10dac11-72fb-44ce-accb-c4074fba045b] Added certification "2a9dd190-fd58-4c3c-bef8-7869cb78f012" to user "b10dac11-72fb-44ce-accb-c4074fba045b"
2025-12-12 09:41:28.869 -05:00 [INF] [s0br23msoys] [anonymous] HTTP POST /api/certifications/user/b10dac11-72fb-44ce-accb-c4074fba045b responded 201 in 145ms
2025-12-12 09:41:28.905 -05:00 [INF] [s0br23msoys] [anonymous] HTTP GET /api/certifications/user/b10dac11-72fb-44ce-accb-c4074fba045b responded 200 in 33ms
2025-12-12 09:41:28.948 -05:00 [INF] [s0br23msoys] [anonymous] HTTP GET /api/certifications responded 200 in 38ms
2025-12-12 09:41:38.367 -05:00 [INF] [s0br23msoys] [anonymous] HTTP GET /api/helparticles responded 200 in 33ms
2025-12-12 09:41:38.428 -05:00 [INF] [s0br23msoys] [anonymous] HTTP GET /api/delegationofauthority responded 200 in 94ms
2025-12-12 09:42:15.718 -05:00 [INF] [s0br23msoys] [anonymous] HTTP GET /api/helparticles responded 200 in 32ms
2025-12-12 09:42:15.763 -05:00 [INF] [s0br23msoys] [anonymous] HTTP GET /api/user-invitations/pending responded 200 in 79ms
2025-12-12 09:42:15.912 -05:00 [INF] [s0br23msoys] [anonymous] HTTP GET /api/users responded 200 in 226ms
2025-12-12 09:42:17.440 -05:00 [INF] [s0br23msoys] [anonymous] HTTP GET /api/helparticles responded 200 in 38ms
2025-12-12 09:42:17.472 -05:00 [INF] [s0br23msoys] [anonymous] HTTP GET /api/doatemplates responded 200 in 70ms
2025-12-12 09:43:26.362 -05:00 [INF] [s0br23msoys] [anonymous] HTTP GET /api/assignments responded 200 in 95ms
2025-12-12 09:43:44.817 -05:00 [INF] [s0br23msoys] [anonymous] HTTP GET /api/teamcalendar/manager-view responded 200 in 430ms
2025-12-12 09:43:44.845 -05:00 [INF] [s0br23msoys] [anonymous] HTTP GET /api/teamcalendar/available responded 200 in 459ms
2025-12-12 09:43:44.925 -05:00 [INF] [s0br23msoys] [anonymous] HTTP GET /api/teamcalendar/manager-view responded 200 in 105ms
2025-12-12 09:43:44.968 -05:00 [INF] [s0br23msoys] [anonymous] HTTP GET /api/teamcalendar/available responded 200 in 120ms
2025-12-12 09:43:49.181 -05:00 [INF] [s0br23msoys] [anonymous] HTTP GET /api/resumes/team responded 200 in 249ms
2025-12-12 09:43:49.406 -05:00 [INF] [s0br23msoys] [anonymous] HTTP GET /api/resumes/team responded 200 in 221ms
2025-12-12 09:43:54.751 -05:00 [INF] [s0br23msoys] [anonymous] HTTP GET /api/resumes/team responded 200 in 176ms
2025-12-12 09:43:57.955 -05:00 [INF] [s0br23msoys] [anonymous] HTTP GET /api/resumes/6f16d488-118a-4961-9140-613c35e2b090 responded 200 in 190ms
2025-12-12 09:43:57.992 -05:00 [INF] [s0br23msoys] [anonymous] HTTP GET /api/skills/user/ec24eb37-87fc-47de-abbf-199f93dea580 responded 200 in 33ms
2025-12-12 09:43:58.147 -05:00 [INF] [s0br23msoys] [anonymous] HTTP GET /api/resumes/6f16d488-118a-4961-9140-613c35e2b090 responded 200 in 189ms
2025-12-12 09:43:58.184 -05:00 [INF] [s0br23msoys] [anonymous] HTTP GET /api/skills/user/ec24eb37-87fc-47de-abbf-199f93dea580 responded 200 in 30ms
2025-12-12 09:43:58.195 -05:00 [INF] [s0br23msoys] [anonymous] HTTP GET /api/certifications responded 200 in 235ms
2025-12-12 09:43:58.221 -05:00 [INF] [s0br23msoys] [anonymous] HTTP GET /api/certifications/user/ec24eb37-87fc-47de-abbf-199f93dea580 responded 200 in 261ms
2025-12-12 09:43:58.232 -05:00 [INF] [s0br23msoys] [anonymous] HTTP GET /api/certifications responded 200 in 31ms
2025-12-12 09:43:58.251 -05:00 [INF] [s0br23msoys] [anonymous] HTTP GET /api/skills responded 200 in 291ms
2025-12-12 09:43:58.255 -05:00 [INF] [s0br23msoys] [anonymous] HTTP GET /api/certifications/user/ec24eb37-87fc-47de-abbf-199f93dea580 responded 200 in 29ms
2025-12-12 09:43:58.342 -05:00 [INF] [s0br23msoys] [anonymous] HTTP GET /api/skills responded 200 in 88ms
2025-12-12 09:44:05.397 -05:00 [INF] [s0br23msoys] [anonymous] HTTP GET /api/helparticles responded 200 in 31ms
2025-12-12 09:44:05.431 -05:00 [INF] [s0br23msoys] [anonymous] HTTP GET /api/projects responded 200 in 65ms
2025-12-12 09:44:07.053 -05:00 [INF] [s0br23msoys] [anonymous] HTTP GET /api/helparticles responded 200 in 26ms
2025-12-12 09:44:07.089 -05:00 [INF] [s0br23msoys] [anonymous] HTTP GET /api/groups responded 200 in 63ms
2025-12-12 09:44:07.091 -05:00 [INF] [s0br23msoys] [anonymous] HTTP GET /api/projects responded 200 in 64ms
2025-12-12 09:44:07.192 -05:00 [INF] [s0br23msoys] [anonymous] HTTP GET /api/wbs responded 200 in 166ms
2025-12-12 09:48:01.366 -05:00 [INF] [s0br23msoys] [anonymous] HTTP GET /api/certifications/expiring responded 200 in 66ms
2025-12-12 09:48:01.411 -05:00 [INF] [s0br23msoys] [anonymous] HTTP GET /api/tenantsettings responded 200 in 116ms
2025-12-12 09:48:01.414 -05:00 [INF] [s0br23msoys] [anonymous] HTTP GET /api/assignmentrequests responded 200 in 119ms
2025-12-12 09:48:01.416 -05:00 [INF] [s0br23msoys] [anonymous] HTTP GET /api/assignmentrequests responded 200 in 120ms
2025-12-12 09:48:01.434 -05:00 [INF] [s0br23msoys] [anonymous] HTTP GET /api/delegationofauthority/letters/range responded 200 in 65ms
2025-12-12 09:48:01.464 -05:00 [INF] [s0br23msoys] [b10dac11-72fb-44ce-accb-c4074fba045b] Dashboard data retrieved for user "b10dac11-72fb-44ce-accb-c4074fba045b"
2025-12-12 09:48:01.464 -05:00 [INF] [s0br23msoys] [anonymous] HTTP GET /api/dashboard responded 200 in 164ms
2025-12-12 09:48:01.480 -05:00 [INF] [s0br23msoys] [anonymous] HTTP GET /api/projectassignments responded 200 in 65ms
2025-12-12 09:48:01.491 -05:00 [INF] [s0br23msoys] [anonymous] HTTP GET /api/forecasts/my-forecasts responded 200 in 73ms
2025-12-12 09:48:01.742 -05:00 [INF] [s0br23msoys] [anonymous] HTTP GET /api/bookings responded 200 in 442ms
2025-12-12 09:50:52.167 -05:00 [INF] [s0br23msoys] [anonymous] HTTP GET /api/assignments responded 200 in 70ms
2025-12-12 09:50:53.616 -05:00 [INF] [s0br23msoys] [anonymous] HTTP GET /api/wbs responded 200 in 106ms
2025-12-12 09:50:53.825 -05:00 [INF] [s0br23msoys] [anonymous] HTTP GET /api/helparticles responded 200 in 316ms
2025-12-12 09:50:53.861 -05:00 [INF] [s0br23msoys] [anonymous] HTTP GET /api/groups responded 200 in 351ms
2025-12-12 09:50:53.889 -05:00 [INF] [s0br23msoys] [anonymous] HTTP GET /api/groups responded 200 in 380ms
2025-12-12 09:50:53.895 -05:00 [INF] [s0br23msoys] [anonymous] HTTP GET /api/projects responded 200 in 385ms
2025-12-12 09:50:54.589 -05:00 [INF] [s0br23msoys] [anonymous] HTTP GET /api/helparticles responded 200 in 32ms
2025-12-12 09:50:54.618 -05:00 [INF] [s0br23msoys] [anonymous] HTTP GET /api/tenants responded 200 in 61ms
2025-12-12 09:50:54.629 -05:00 [INF] [s0br23msoys] [anonymous] HTTP GET /api/projects responded 200 in 72ms
2025-12-12 09:50:56.446 -05:00 [INF] [s0br23msoys] [anonymous] HTTP GET /api/helparticles responded 200 in 32ms
2025-12-12 09:50:56.655 -05:00 [INF] [s0br23msoys] [anonymous] HTTP GET /api/resumes/team responded 200 in 241ms
2025-12-12 09:50:56.885 -05:00 [INF] [s0br23msoys] [anonymous] HTTP GET /api/resumes/team responded 200 in 224ms
2025-12-12 09:50:57.446 -05:00 [INF] [s0br23msoys] [anonymous] HTTP GET /api/teamcalendar/manager-view responded 200 in 101ms
2025-12-12 09:50:57.459 -05:00 [INF] [s0br23msoys] [anonymous] HTTP GET /api/teamcalendar/available responded 200 in 113ms
2025-12-12 09:50:57.545 -05:00 [INF] [s0br23msoys] [anonymous] HTTP GET /api/teamcalendar/manager-view responded 200 in 96ms
2025-12-12 09:50:57.576 -05:00 [INF] [s0br23msoys] [anonymous] HTTP GET /api/teamcalendar/available responded 200 in 114ms
2025-12-12 09:50:58.578 -05:00 [INF] [s0br23msoys] [anonymous] HTTP GET /api/people responded 200 in 235ms
2025-12-12 09:51:01.377 -05:00 [INF] [s0br23msoys] [anonymous] HTTP GET /api/helparticles responded 200 in 28ms
2025-12-12 09:51:01.415 -05:00 [INF] [s0br23msoys] [anonymous] HTTP GET /api/projects responded 200 in 65ms
2025-12-12 09:51:02.579 -05:00 [INF] [s0br23msoys] [anonymous] HTTP GET /api/forecasts/my-forecasts responded 200 in 68ms
2025-12-12 09:51:05.223 -05:00 [INF] [s0br23msoys] [anonymous] HTTP GET /api/helparticles responded 200 in 33ms
2025-12-12 09:51:05.491 -05:00 [INF] [s0br23msoys] [anonymous] HTTP GET /api/staffing/staffingreports/projects-summary responded 200 in 301ms
2025-12-12 09:51:07.415 -05:00 [INF] [s0br23msoys] [anonymous] HTTP GET /api/forecastversions/current responded 200 in 81ms
2025-12-12 09:51:07.493 -05:00 [INF] [s0br23msoys] [anonymous] HTTP GET /api/projectroleassignments/by-project/462a7845-9a14-4d0b-9fdb-0cc47e441768 responded 200 in 159ms
2025-12-12 09:51:07.545 -05:00 [INF] [s0br23msoys] [anonymous] HTTP GET /api/forecasts/by-project/462a7845-9a14-4d0b-9fdb-0cc47e441768 responded 200 in 124ms
2025-12-12 09:51:07.548 -05:00 [INF] [s0br23msoys] [anonymous] HTTP GET /api/forecasts/by-project/462a7845-9a14-4d0b-9fdb-0cc47e441768 responded 200 in 127ms
2025-12-12 09:51:07.567 -05:00 [INF] [s0br23msoys] [anonymous] HTTP GET /api/projects/462a7845-9a14-4d0b-9fdb-0cc47e441768 responded 200 in 234ms
2025-12-12 09:51:07.651 -05:00 [INF] [s0br23msoys] [anonymous] HTTP GET /api/non-labor-costs/types responded 200 in 73ms
2025-12-12 09:51:07.651 -05:00 [INF] [s0br23msoys] [anonymous] HTTP GET /api/non-labor-costs/forecasts responded 200 in 73ms
2025-12-12 09:51:10.279 -05:00 [INF] [s0br23msoys] [anonymous] HTTP PUT /api/forecasts/59c5babe-b7d0-4cc4-b764-40ef2ece493a responded 200 in 280ms
2025-12-12 09:51:10.381 -05:00 [INF] [s0br23msoys] [anonymous] HTTP GET /api/forecasts/by-project/462a7845-9a14-4d0b-9fdb-0cc47e441768 responded 200 in 98ms
2025-12-12 09:51:10.404 -05:00 [INF] [s0br23msoys] [anonymous] HTTP GET /api/forecasts/by-project/462a7845-9a14-4d0b-9fdb-0cc47e441768 responded 200 in 121ms
2025-12-12 09:51:18.113 -05:00 [INF] [s0br23msoys] [anonymous] HTTP POST /api/non-labor-costs/forecasts responded 201 in 144ms
2025-12-12 09:51:18.186 -05:00 [INF] [s0br23msoys] [anonymous] HTTP GET /api/non-labor-costs/forecasts responded 200 in 67ms
2025-12-12 09:52:01.873 -05:00 [INF] [s0br23msoys] [anonymous] HTTP GET /api/forecastapprovalschedules responded 200 in 76ms
2025-12-12 09:52:01.947 -05:00 [INF] [s0br23msoys] [anonymous] HTTP GET /api/forecastapprovalschedules responded 200 in 71ms
2025-12-12 09:52:08.390 -05:00 [INF] [s0br23msoys] [anonymous] HTTP GET /api/projectbudgets/fiscalyear/current responded 200 in 49ms
2025-12-12 09:52:08.412 -05:00 [INF] [s0br23msoys] [anonymous] HTTP GET /api/tenantsettings responded 200 in 69ms
2025-12-12 09:52:08.414 -05:00 [INF] [s0br23msoys] [anonymous] HTTP GET /api/projects responded 200 in 72ms
2025-12-12 09:52:16.094 -05:00 [INF] [s0br23msoys] [anonymous] HTTP GET /api/helparticles responded 200 in 32ms
2025-12-12 09:52:16.145 -05:00 [INF] [s0br23msoys] [anonymous] HTTP GET /api/cost-rates responded 200 in 84ms
2025-12-12 09:52:16.156 -05:00 [INF] [s0br23msoys] [anonymous] HTTP GET /api/cost-rates/import-history responded 200 in 95ms
2025-12-12 09:52:16.181 -05:00 [INF] [s0br23msoys] [anonymous] HTTP GET /api/people responded 200 in 120ms
2025-12-12 09:53:22.505 -05:00 [INF] [s0br23msoys] [anonymous] HTTP GET /api/forecastversions/current responded 200 in 129ms
2025-12-12 09:53:22.591 -05:00 [INF] [s0br23msoys] [anonymous] HTTP GET /api/forecasts/summary responded 200 in 214ms
2025-12-12 09:53:25.584 -05:00 [INF] [s0br23msoys] [anonymous] HTTP GET /api/staffing/staffingreports/burn-rate responded 200 in 124ms
2025-12-12 09:53:25.608 -05:00 [INF] [s0br23msoys] [anonymous] HTTP GET /api/staffing/staffingreports/variance-analysis responded 200 in 148ms
2025-12-12 09:53:25.615 -05:00 [INF] [s0br23msoys] [anonymous] HTTP GET /api/staffing/staffingreports/capacity-utilization responded 200 in 155ms
2025-12-12 09:53:25.620 -05:00 [INF] [s0br23msoys] [anonymous] HTTP GET /api/staffing/staffingreports/projects-summary responded 200 in 159ms
2025-12-12 09:53:25.681 -05:00 [INF] [s0br23msoys] [anonymous] HTTP GET /api/staffing/staffingreports/dashboard-summary responded 200 in 221ms
2025-12-12 09:53:25.700 -05:00 [INF] [s0br23msoys] [anonymous] HTTP GET /api/staffing/staffingreports/variance-analysis responded 200 in 90ms
2025-12-12 09:53:25.708 -05:00 [INF] [s0br23msoys] [anonymous] HTTP GET /api/staffing/staffingreports/capacity-utilization responded 200 in 91ms
2025-12-12 09:53:25.727 -05:00 [INF] [s0br23msoys] [anonymous] HTTP GET /api/staffing/staffingreports/burn-rate responded 200 in 140ms
2025-12-12 09:53:25.770 -05:00 [INF] [s0br23msoys] [anonymous] HTTP GET /api/staffing/staffingreports/dashboard-summary responded 200 in 87ms
2025-12-12 09:53:25.781 -05:00 [INF] [s0br23msoys] [anonymous] HTTP GET /api/staffing/staffingreports/projects-summary responded 200 in 159ms
2025-12-12 09:53:29.359 -05:00 [INF] [s0br23msoys] [anonymous] HTTP GET /api/staffing/staffingreports/dashboard-summary responded 200 in 84ms
2025-12-12 09:53:29.361 -05:00 [INF] [s0br23msoys] [anonymous] HTTP GET /api/staffing/staffingreports/variance-analysis responded 200 in 85ms
2025-12-12 09:53:29.467 -05:00 [INF] [s0br23msoys] [anonymous] HTTP GET /api/staffing/staffingreports/projects-summary responded 200 in 192ms
2025-12-12 09:53:31.155 -05:00 [INF] [s0br23msoys] [anonymous] HTTP GET /api/forecastversions responded 200 in 79ms
2025-12-12 09:53:31.241 -05:00 [INF] [s0br23msoys] [anonymous] HTTP GET /api/forecastversions responded 200 in 80ms
2025-12-12 09:53:33.510 -05:00 [INF] [s0br23msoys] [anonymous] HTTP GET /api/forecasts responded 200 in 104ms
2025-12-12 09:53:41.426 -05:00 [WRN] [s0br23msoys] [anonymous] HTTP POST /api/forecasts/b26a7977-21ed-4db1-90c8-01e2e37f0839/review responded 404 in 0ms
2025-12-12 09:53:41.426 -05:00 [WRN] [s0br23msoys] [anonymous] HTTP POST /api/forecasts/3c848e43-1353-4fd9-8d19-ce77860edaee/review responded 404 in 0ms
2025-12-12 09:53:41.426 -05:00 [WRN] [s0br23msoys] [anonymous] HTTP POST /api/forecasts/57748fb7-7b6a-4af5-b7b2-c372760eb2fd/review responded 404 in 0ms
2025-12-12 09:53:41.427 -05:00 [WRN] [s0br23msoys] [anonymous] HTTP POST /api/forecasts/a59dbbe7-42c2-4341-a1d5-20542f305368/review responded 404 in 0ms
2025-12-12 09:53:41.427 -05:00 [WRN] [s0br23msoys] [anonymous] HTTP POST /api/forecasts/485ccf48-799b-4a99-a151-006aec0ef76b/review responded 404 in 0ms
2025-12-12 09:53:41.427 -05:00 [WRN] [s0br23msoys] [anonymous] HTTP POST /api/forecasts/86db2494-6ce0-4631-9f5d-a500837f6d8b/review responded 404 in 0ms
2025-12-12 09:53:41.431 -05:00 [WRN] [s0br23msoys] [anonymous] HTTP POST /api/forecasts/0db5107f-9bcc-4c7f-9593-6807d9ffc2d0/review responded 404 in 0ms
2025-12-12 09:53:41.431 -05:00 [WRN] [s0br23msoys] [anonymous] HTTP POST /api/forecasts/11bef8fc-8546-4ab8-aa0c-e410ec2b9693/review responded 404 in 0ms
2025-12-12 09:53:41.431 -05:00 [WRN] [s0br23msoys] [anonymous] HTTP POST /api/forecasts/4e564b87-36f1-4788-84cd-75bd9d525013/review responded 404 in 0ms
2025-12-12 09:53:41.431 -05:00 [WRN] [s0br23msoys] [anonymous] HTTP POST /api/forecasts/2cad5395-c631-46f4-b551-7ba6d5ef1aa6/review responded 404 in 0ms
2025-12-12 09:53:41.431 -05:00 [WRN] [s0br23msoys] [anonymous] HTTP POST /api/forecasts/2d147145-9a54-45b9-b488-ce0108376949/review responded 404 in 0ms
2025-12-12 09:53:41.431 -05:00 [WRN] [s0br23msoys] [anonymous] HTTP POST /api/forecasts/b69bf437-a453-4e86-bbbb-aed1c5f72261/review responded 404 in 0ms
2025-12-12 09:53:41.435 -05:00 [WRN] [s0br23msoys] [anonymous] HTTP POST /api/forecasts/16cc2a19-1424-422a-baaf-fba6e18b5823/review responded 404 in 0ms
2025-12-12 09:53:41.435 -05:00 [WRN] [s0br23msoys] [anonymous] HTTP POST /api/forecasts/7b05c1a9-0700-4f86-9b79-3dab99234df3/review responded 404 in 0ms
2025-12-12 09:53:41.435 -05:00 [WRN] [s0br23msoys] [anonymous] HTTP POST /api/forecasts/210acbe6-73bd-4204-8552-c8a23c7abf7f/review responded 404 in 0ms
2025-12-12 09:53:41.436 -05:00 [WRN] [s0br23msoys] [anonymous] HTTP POST /api/forecasts/41866f59-d682-46ca-bf2d-99688e07cb90/review responded 404 in 0ms
2025-12-12 09:53:41.435 -05:00 [WRN] [s0br23msoys] [anonymous] HTTP POST /api/forecasts/527dcbda-904a-4da4-a898-9a7759caf8f9/review responded 404 in 0ms
2025-12-12 09:53:41.436 -05:00 [WRN] [s0br23msoys] [anonymous] HTTP POST /api/forecasts/f4272722-3841-4054-abac-f622583e8405/review responded 404 in 0ms
2025-12-12 09:53:41.443 -05:00 [WRN] [s0br23msoys] [anonymous] HTTP POST /api/forecasts/c63f0946-59cb-4386-b614-e3db81d0101f/review responded 404 in 0ms
2025-12-12 09:53:41.443 -05:00 [WRN] [s0br23msoys] [anonymous] HTTP POST /api/forecasts/c81c4c68-94bd-4421-aaf9-ac286a875b23/review responded 404 in 0ms
2025-12-12 09:53:41.443 -05:00 [WRN] [s0br23msoys] [anonymous] HTTP POST /api/forecasts/a2eef050-bf8d-4372-8e10-70b9a8db7cd0/review responded 404 in 0ms
2025-12-12 09:53:41.443 -05:00 [WRN] [s0br23msoys] [anonymous] HTTP POST /api/forecasts/1f75e3b2-fbdc-4ea4-8aac-1526240fe708/review responded 404 in 0ms
2025-12-12 09:53:41.443 -05:00 [WRN] [s0br23msoys] [anonymous] HTTP POST /api/forecasts/8616f977-faad-435c-ae69-3aa12fbf3d44/review responded 404 in 0ms
2025-12-12 09:53:41.443 -05:00 [WRN] [s0br23msoys] [anonymous] HTTP POST /api/forecasts/760cf8ff-eadf-4f0a-b46b-ccbeb8e12614/review responded 404 in 0ms
2025-12-12 09:53:41.530 -05:00 [INF] [s0br23msoys] [anonymous] HTTP GET /api/forecasts responded 200 in 82ms
2025-12-12 09:54:23.477 -05:00 [INF] [s0br23msoys] [anonymous] HTTP GET /api/helparticles responded 200 in 390ms
2025-12-12 09:54:29.243 -05:00 [INF] [s0br23msoys] [anonymous] HTTP GET /api/helparticles responded 200 in 29ms
2025-12-12 09:54:29.874 -05:00 [INF] [s0br23msoys] [anonymous] HTTP GET /api/facilities-portal/dashboard responded 200 in 660ms
2025-12-12 09:56:15.106 -05:00 [INF] [o6am85pxmef] [anonymous] HTTP GET /api/helparticles responded 200 in 31ms
2025-12-12 09:56:15.117 -05:00 [INF] [o6am85pxmef] [anonymous] HTTP GET /api/apptiles responded 200 in 42ms
2025-12-12 09:58:53.898 -05:00 [WRN] [] [] Entity 'Tenant' has a global query filter defined and is the required end of a relationship with the entity 'UserInvitation'. This may lead to unexpected results when the required entity is filtered out. Either configure the navigation as optional, or define matching query filters for both entities in the navigation. See https://go.microsoft.com/fwlink/?linkid=2131316 for more information.
2025-12-12 09:58:53.938 -05:00 [WRN] [] [] The property 'TenantMembership.Roles' is a collection or enumeration type with a value converter but with no value comparer. Set a value comparer to ensure the collection/enumeration elements are compared correctly.
2025-12-12 09:58:54.816 -05:00 [INF] [] [] Role permission templates checked/seeded successfully
2025-12-12 09:58:54.910 -05:00 [INF] [] [] Starting MyScheduling API
2025-12-12 11:10:03.441 -05:00 [WRN] [bxdjczjhv4] [anonymous] Failed to determine the https port for redirect.
2025-12-12 11:10:03.916 -05:00 [INF] [bxdjczjhv4] [anonymous] HTTP GET /api/helparticles responded 200 in 508ms
2025-12-12 11:10:03.916 -05:00 [INF] [bxdjczjhv4] [anonymous] HTTP GET /api/apptiles responded 200 in 508ms
2025-12-12 11:41:27.898 -05:00 [INF] [k6n1geszbwa] [anonymous] HTTP GET /api/certifications/expiring responded 200 in 476ms
2025-12-12 11:41:28.174 -05:00 [INF] [k6n1geszbwa] [b10dac11-72fb-44ce-accb-c4074fba045b] Dashboard data retrieved for user "b10dac11-72fb-44ce-accb-c4074fba045b"
2025-12-12 11:41:28.231 -05:00 [INF] [k6n1geszbwa] [anonymous] HTTP GET /api/assignmentrequests responded 200 in 814ms
2025-12-12 11:41:28.234 -05:00 [INF] [k6n1geszbwa] [anonymous] HTTP GET /api/tenantsettings responded 200 in 817ms
2025-12-12 11:41:28.238 -05:00 [INF] [k6n1geszbwa] [anonymous] HTTP GET /api/bookings responded 200 in 814ms
2025-12-12 11:41:28.242 -05:00 [INF] [k6n1geszbwa] [anonymous] HTTP GET /api/assignmentrequests responded 200 in 825ms
2025-12-12 11:41:28.243 -05:00 [INF] [k6n1geszbwa] [anonymous] HTTP GET /api/delegationofauthority/letters/range responded 200 in 340ms
2025-12-12 11:41:28.246 -05:00 [INF] [k6n1geszbwa] [anonymous] HTTP GET /api/dashboard responded 200 in 824ms
2025-12-12 11:41:28.274 -05:00 [INF] [k6n1geszbwa] [anonymous] HTTP GET /api/helparticles responded 200 in 33ms
2025-12-12 11:41:28.335 -05:00 [INF] [k6n1geszbwa] [anonymous] HTTP GET /api/projectassignments responded 200 in 101ms
2025-12-12 11:41:28.369 -05:00 [INF] [k6n1geszbwa] [anonymous] HTTP GET /api/forecasts/my-forecasts responded 200 in 132ms
2025-12-12 11:41:30.322 -05:00 [INF] [k6n1geszbwa] [anonymous] HTTP GET /api/helparticles responded 200 in 32ms
2025-12-12 11:41:56.565 -05:00 [INF] [drgkhp434kw] [anonymous] HTTP GET /api/tenantsettings responded 200 in 69ms
2025-12-12 11:41:56.565 -05:00 [INF] [drgkhp434kw] [anonymous] HTTP GET /api/bookings responded 200 in 67ms
2025-12-12 11:41:56.565 -05:00 [INF] [drgkhp434kw] [anonymous] HTTP GET /api/certifications/expiring responded 200 in 68ms
2025-12-12 11:41:56.576 -05:00 [INF] [drgkhp434kw] [anonymous] HTTP GET /api/assignmentrequests responded 200 in 80ms
2025-12-12 11:41:56.586 -05:00 [INF] [drgkhp434kw] [anonymous] HTTP GET /api/assignmentrequests responded 200 in 91ms
2025-12-12 11:41:56.601 -05:00 [INF] [drgkhp434kw] [b10dac11-72fb-44ce-accb-c4074fba045b] Dashboard data retrieved for user "b10dac11-72fb-44ce-accb-c4074fba045b"
2025-12-12 11:41:56.602 -05:00 [INF] [drgkhp434kw] [anonymous] HTTP GET /api/dashboard responded 200 in 105ms
2025-12-12 11:41:56.610 -05:00 [INF] [drgkhp434kw] [anonymous] HTTP GET /api/helparticles responded 200 in 31ms
2025-12-12 11:41:56.637 -05:00 [INF] [drgkhp434kw] [anonymous] HTTP GET /api/delegationofauthority/letters/range responded 200 in 68ms
2025-12-12 11:41:56.644 -05:00 [INF] [drgkhp434kw] [anonymous] HTTP GET /api/projectassignments responded 200 in 74ms
2025-12-12 11:41:56.649 -05:00 [INF] [drgkhp434kw] [anonymous] HTTP GET /api/forecasts/my-forecasts responded 200 in 79ms
2025-12-12 11:41:57.715 -05:00 [INF] [drgkhp434kw] [anonymous] HTTP GET /api/helparticles responded 200 in 30ms
2025-12-12 11:42:02.523 -05:00 [INF] [drgkhp434kw] [anonymous] HTTP GET /api/feedback/my responded 200 in 23ms
2025-12-12 11:42:05.352 -05:00 [INF] [drgkhp434kw] [anonymous] HTTP GET /api/apptiles responded 200 in 36ms
2025-12-12 11:49:38.512 -05:00 [INF] [ga0o98pw66] [anonymous] HTTP GET /api/apptiles responded 200 in 309ms
2025-12-12 11:49:38.544 -05:00 [INF] [ga0o98pw66] [anonymous] HTTP GET /api/helparticles responded 200 in 340ms
2025-12-12 11:49:38.711 -05:00 [INF] [ga0o98pw66] [anonymous] HTTP GET /api/assignmentrequests responded 200 in 141ms
2025-12-12 11:49:38.713 -05:00 [INF] [ga0o98pw66] [anonymous] HTTP GET /api/assignmentrequests responded 200 in 143ms
2025-12-12 11:49:38.780 -05:00 [INF] [ga0o98pw66] [anonymous] HTTP GET /api/projectassignments responded 200 in 65ms
2025-12-12 11:49:38.784 -05:00 [INF] [ga0o98pw66] [anonymous] HTTP GET /api/delegationofauthority/letters/range responded 200 in 70ms
2025-12-12 11:49:38.821 -05:00 [INF] [ga0o98pw66] [anonymous] HTTP GET /api/helparticles responded 200 in 35ms
2025-12-12 11:49:38.856 -05:00 [INF] [ga0o98pw66] [anonymous] HTTP GET /api/forecasts/my-forecasts responded 200 in 73ms
2025-12-12 11:49:38.876 -05:00 [INF] [ga0o98pw66] [anonymous] HTTP GET /api/certifications/expiring responded 200 in 304ms
2025-12-12 11:49:38.943 -05:00 [INF] [ga0o98pw66] [anonymous] HTTP GET /api/tenantsettings responded 200 in 373ms
2025-12-12 11:49:38.952 -05:00 [INF] [ga0o98pw66] [anonymous] HTTP GET /api/bookings responded 200 in 379ms
2025-12-12 11:49:38.985 -05:00 [INF] [ga0o98pw66] [b10dac11-72fb-44ce-accb-c4074fba045b] Dashboard data retrieved for user "b10dac11-72fb-44ce-accb-c4074fba045b"
2025-12-12 11:49:38.986 -05:00 [INF] [ga0o98pw66] [anonymous] HTTP GET /api/dashboard responded 200 in 413ms
2025-12-12 11:49:45.625 -05:00 [INF] [ga0o98pw66] [anonymous] HTTP GET /api/feedback/my responded 200 in 1ms
2025-12-12 11:52:27.986 -05:00 [WRN] [ga0o98pw66] [anonymous] HTTP POST /api/feedback responded 400 in 26ms
2025-12-12 12:17:23.925 -05:00 [INF] [ga0o98pw66] [anonymous] HTTP GET /api/apptiles responded 200 in 367ms
2025-12-12 12:17:26.894 -05:00 [INF] [yqs7zx3bu4e] [anonymous] HTTP GET /api/helparticles responded 200 in 33ms
2025-12-12 12:17:27.055 -05:00 [INF] [yqs7zx3bu4e] [anonymous] HTTP GET /api/tenantsettings responded 200 in 142ms
2025-12-12 12:17:27.127 -05:00 [INF] [yqs7zx3bu4e] [anonymous] HTTP GET /api/delegationofauthority/letters/range responded 200 in 69ms
2025-12-12 12:17:27.205 -05:00 [INF] [yqs7zx3bu4e] [anonymous] HTTP GET /api/projectassignments responded 200 in 74ms
2025-12-12 12:17:27.217 -05:00 [INF] [yqs7zx3bu4e] [anonymous] HTTP GET /api/certifications/expiring responded 200 in 299ms
2025-12-12 12:17:27.243 -05:00 [INF] [yqs7zx3bu4e] [anonymous] HTTP GET /api/bookings responded 200 in 324ms
2025-12-12 12:17:27.248 -05:00 [INF] [yqs7zx3bu4e] [anonymous] HTTP GET /api/helparticles responded 200 in 27ms
2025-12-12 12:17:27.255 -05:00 [INF] [yqs7zx3bu4e] [anonymous] HTTP GET /api/assignmentrequests responded 200 in 337ms
2025-12-12 12:17:27.290 -05:00 [INF] [yqs7zx3bu4e] [anonymous] HTTP GET /api/forecasts/my-forecasts responded 200 in 82ms
2025-12-12 12:17:27.305 -05:00 [INF] [yqs7zx3bu4e] [anonymous] HTTP GET /api/assignmentrequests responded 200 in 387ms
2025-12-12 12:17:27.344 -05:00 [INF] [yqs7zx3bu4e] [b10dac11-72fb-44ce-accb-c4074fba045b] Dashboard data retrieved for user "b10dac11-72fb-44ce-accb-c4074fba045b"
2025-12-12 12:17:27.344 -05:00 [INF] [yqs7zx3bu4e] [anonymous] HTTP GET /api/dashboard responded 200 in 425ms
2025-12-12 12:17:28.621 -05:00 [INF] [yqs7zx3bu4e] [anonymous] HTTP GET /api/apptiles responded 200 in 30ms
2025-12-12 12:17:30.618 -05:00 [INF] [yqs7zx3bu4e] [anonymous] HTTP GET /api/helparticles responded 200 in 36ms
2025-12-12 12:17:30.663 -05:00 [INF] [yqs7zx3bu4e] [anonymous] HTTP GET /api/projects responded 200 in 81ms
2025-12-12 15:40:29.950 -05:00 [INF] [d4df65fc18f0] [anonymous] HTTP GET /api/auth/sso/config responded 200 in 14ms
2025-12-12 15:40:35.614 -05:00 [INF] [1x78l9n0jom] [anonymous] Successful login for user admin@admin.com
2025-12-12 15:40:35.669 -05:00 [INF] [1x78l9n0jom] [anonymous] HTTP POST /api/auth/login responded 200 in 707ms
2025-12-12 15:40:35.706 -05:00 [INF] [1x78l9n0jom] [anonymous] HTTP GET /api/helparticles responded 200 in 33ms
2025-12-12 15:41:32.212 -05:00 [INF] [1x78l9n0jom] [b10dac11-72fb-44ce-accb-c4074fba045b] Dashboard data retrieved for user "b10dac11-72fb-44ce-accb-c4074fba045b"
2025-12-12 15:41:32.213 -05:00 [INF] [1x78l9n0jom] [anonymous] HTTP GET /api/dashboard responded 200 in 168ms
2025-12-12 15:41:32.285 -05:00 [INF] [1x78l9n0jom] [anonymous] HTTP GET /api/delegationofauthority/letters/range responded 200 in 68ms
2025-12-12 15:41:32.355 -05:00 [INF] [1x78l9n0jom] [anonymous] HTTP GET /api/projectassignments responded 200 in 67ms
2025-12-12 15:41:32.445 -05:00 [INF] [1x78l9n0jom] [anonymous] HTTP GET /api/forecasts/my-forecasts responded 200 in 86ms
2025-12-12 15:41:32.474 -05:00 [INF] [1x78l9n0jom] [anonymous] HTTP GET /api/certifications/expiring responded 200 in 428ms
2025-12-12 15:41:32.476 -05:00 [INF] [1x78l9n0jom] [anonymous] HTTP GET /api/helparticles responded 200 in 27ms
2025-12-12 15:41:32.545 -05:00 [INF] [1x78l9n0jom] [anonymous] HTTP GET /api/tenantsettings responded 200 in 500ms
2025-12-12 15:41:32.546 -05:00 [INF] [1x78l9n0jom] [anonymous] HTTP GET /api/bookings responded 200 in 501ms
2025-12-12 15:41:32.551 -05:00 [INF] [1x78l9n0jom] [anonymous] HTTP GET /api/assignmentrequests responded 200 in 506ms
2025-12-12 15:41:32.563 -05:00 [INF] [1x78l9n0jom] [anonymous] HTTP GET /api/assignmentrequests responded 200 in 517ms
2025-12-12 15:41:33.534 -05:00 [INF] [1x78l9n0jom] [anonymous] HTTP GET /api/apptiles responded 200 in 30ms
2025-12-12 15:42:09.937 -05:00 [INF] [1x78l9n0jom] [anonymous] HTTP GET /api/helparticles responded 200 in 31ms
2025-12-12 15:42:10.388 -05:00 [INF] [1x78l9n0jom] [anonymous] HTTP GET /api/facilities-portal/dashboard responded 200 in 482ms
2025-12-12 15:47:51.895 -05:00 [INF] [1x78l9n0jom] [anonymous] HTTP GET /api/helparticles responded 200 in 357ms
2025-12-12 15:47:53.155 -05:00 [INF] [1x78l9n0jom] [anonymous] HTTP GET /api/feedback/my responded 200 in 0ms
2025-12-12 15:47:53.184 -05:00 [INF] [1x78l9n0jom] [anonymous] HTTP GET /api/helparticles responded 200 in 29ms
2025-12-12 15:48:40.251 -05:00 [INF] [1x78l9n0jom] [anonymous] HTTP GET /api/tenants responded 200 in 120ms
2025-12-12 15:48:40.673 -05:00 [INF] [1x78l9n0jom] [anonymous] HTTP GET /api/worklocationtemplates responded 200 in 541ms
2025-12-12 15:48:42.777 -05:00 [INF] [1x78l9n0jom] [b10dac11-72fb-44ce-accb-c4074fba045b] Dashboard data retrieved for user "b10dac11-72fb-44ce-accb-c4074fba045b"
2025-12-12 15:48:42.778 -05:00 [INF] [1x78l9n0jom] [anonymous] HTTP GET /api/dashboard responded 200 in 106ms
2025-12-12 15:48:45.121 -05:00 [INF] [1x78l9n0jom] [b10dac11-72fb-44ce-accb-c4074fba045b] Dashboard data retrieved for user "b10dac11-72fb-44ce-accb-c4074fba045b"
2025-12-12 15:48:45.122 -05:00 [INF] [1x78l9n0jom] [anonymous] HTTP GET /api/dashboard responded 200 in 108ms
2025-12-12 15:48:47.002 -05:00 [INF] [1x78l9n0jom] [anonymous] HTTP GET /api/forecasts/my-forecasts responded 200 in 105ms
2025-12-12 15:48:47.007 -05:00 [INF] [1x78l9n0jom] [anonymous] HTTP GET /api/forecasts/my-forecasts responded 200 in 109ms
2025-12-12 15:48:47.129 -05:00 [INF] [1x78l9n0jom] [anonymous] HTTP GET /api/helparticles responded 200 in 231ms
2025-12-12 15:48:47.209 -05:00 [INF] [1x78l9n0jom] [anonymous] HTTP GET /api/projectroleassignments/my-assignments responded 200 in 311ms
2025-12-12 15:48:49.328 -05:00 [INF] [1x78l9n0jom] [anonymous] HTTP GET /api/helparticles responded 200 in 29ms
2025-12-12 15:48:49.372 -05:00 [INF] [1x78l9n0jom] [anonymous] HTTP GET /api/projects responded 200 in 73ms
2025-12-12 15:48:49.372 -05:00 [INF] [1x78l9n0jom] [anonymous] HTTP GET /api/groups responded 200 in 74ms
2025-12-12 15:48:49.544 -05:00 [INF] [1x78l9n0jom] [anonymous] HTTP GET /api/people responded 200 in 245ms
2025-12-12 15:48:52.454 -05:00 [INF] [1x78l9n0jom] [anonymous] HTTP GET /api/files responded 200 in 43ms
2025-12-12 15:48:52.748 -05:00 [INF] [1x78l9n0jom] [anonymous] HTTP GET /api/resumes/my responded 200 in 337ms
2025-12-12 15:48:52.863 -05:00 [INF] [1x78l9n0jom] [anonymous] HTTP GET /api/resumes/453b30b5-7f4c-4b5b-b500-6a0e538953e5/versions responded 200 in 108ms
2025-12-12 15:48:52.994 -05:00 [INF] [1x78l9n0jom] [anonymous] HTTP GET /api/resumes/my responded 200 in 242ms
2025-12-12 15:48:53.093 -05:00 [INF] [1x78l9n0jom] [anonymous] HTTP GET /api/resumes/453b30b5-7f4c-4b5b-b500-6a0e538953e5/versions responded 200 in 95ms
2025-12-12 15:48:53.869 -05:00 [INF] [1x78l9n0jom] [anonymous] HTTP GET /api/helparticles responded 200 in 33ms
2025-12-12 15:48:53.919 -05:00 [INF] [1x78l9n0jom] [anonymous] HTTP GET /api/user-invitations/pending responded 200 in 82ms
2025-12-12 15:48:54.128 -05:00 [INF] [1x78l9n0jom] [anonymous] HTTP GET /api/users responded 200 in 291ms
2025-12-12 15:48:58.465 -05:00 [INF] [1x78l9n0jom] [anonymous] HTTP GET /api/helparticles responded 200 in 28ms
2025-12-12 15:48:58.516 -05:00 [INF] [1x78l9n0jom] [anonymous] HTTP GET /api/delegationofauthority responded 200 in 79ms
2025-12-12 15:50:11.223 -05:00 [INF] [1x78l9n0jom] [anonymous] HTTP GET /api/doatemplates responded 200 in 74ms
2025-12-12 15:50:15.296 -05:00 [INF] [1x78l9n0jom] [anonymous] HTTP GET /api/holidays responded 200 in 84ms
2025-12-12 15:50:15.359 -05:00 [INF] [1x78l9n0jom] [anonymous] HTTP GET /api/holidays responded 200 in 61ms
2025-12-12 15:50:15.449 -05:00 [INF] [1x78l9n0jom] [anonymous] HTTP GET /api/users responded 200 in 237ms
2025-12-12 15:51:03.937 -05:00 [INF] [1x78l9n0jom] [anonymous] HTTP GET /api/careerjobfamilies responded 200 in 74ms
2025-12-12 15:51:04.007 -05:00 [INF] [1x78l9n0jom] [anonymous] HTTP GET /api/careerjobfamilies responded 200 in 68ms
2025-12-12 15:51:17.895 -05:00 [INF] [1x78l9n0jom] [anonymous] HTTP GET /api/login-audits responded 200 in 142ms
2025-12-12 15:51:32.063 -05:00 [INF] [1x78l9n0jom] [anonymous] HTTP GET /api/helparticles responded 200 in 40ms
2025-12-12 15:51:33.141 -05:00 [INF] [1x78l9n0jom] [anonymous] HTTP GET /api/helparticles responded 200 in 30ms
2025-12-12 15:51:34.262 -05:00 [INF] [1x78l9n0jom] [anonymous] HTTP GET /api/bookings/offices responded 200 in 72ms
2025-12-12 15:51:34.267 -05:00 [INF] [1x78l9n0jom] [anonymous] HTTP GET /api/bookings/spaces responded 200 in 77ms
2025-12-12 15:51:34.280 -05:00 [INF] [1x78l9n0jom] [anonymous] HTTP GET /api/bookings responded 200 in 81ms
2025-12-12 15:51:34.372 -05:00 [INF] [1x78l9n0jom] [anonymous] HTTP GET /api/bookings/spaces responded 200 in 102ms
2025-12-12 15:51:36.372 -05:00 [WRN] [1x78l9n0jom] [anonymous] HTTP GET /api/facilities-portal/my-check-ins responded 400 in 37ms
2025-12-12 15:51:36.417 -05:00 [INF] [1x78l9n0jom] [anonymous] HTTP GET /api/facilities-portal/offices responded 200 in 86ms
2025-12-12 15:51:37.412 -05:00 [WRN] [1x78l9n0jom] [anonymous] HTTP GET /api/facilities-portal/my-check-ins responded 400 in 32ms
2025-12-12 15:51:41.241 -05:00 [INF] [1x78l9n0jom] [anonymous] HTTP GET /api/facilities-portal/offices/0d44c57e-6c96-49df-94f2-4c1980862be9/whos-here responded 200 in 91ms
2025-12-12 15:51:46.604 -05:00 [INF] [1x78l9n0jom] [anonymous] HTTP GET /api/helparticles responded 200 in 32ms
2025-12-12 15:54:12.358 -05:00 [INF] [ix4ni2lrfs] [anonymous] HTTP GET /api/helparticles responded 200 in 315ms
2025-12-12 15:54:12.450 -05:00 [INF] [ix4ni2lrfs] [anonymous] HTTP GET /api/certifications/expiring responded 200 in 314ms
2025-12-12 15:54:12.468 -05:00 [INF] [ix4ni2lrfs] [anonymous] HTTP GET /api/assignmentrequests responded 200 in 334ms
2025-12-12 15:54:12.478 -05:00 [INF] [ix4ni2lrfs] [anonymous] HTTP GET /api/tenantsettings responded 200 in 345ms
2025-12-12 15:54:12.487 -05:00 [INF] [ix4ni2lrfs] [anonymous] HTTP GET /api/assignmentrequests responded 200 in 354ms
2025-12-12 15:54:12.493 -05:00 [INF] [ix4ni2lrfs] [anonymous] HTTP GET /api/bookings responded 200 in 132ms
2025-12-12 15:54:12.520 -05:00 [INF] [ix4ni2lrfs] [anonymous] HTTP GET /api/helparticles responded 200 in 30ms
2025-12-12 15:54:12.531 -05:00 [INF] [ix4ni2lrfs] [anonymous] HTTP GET /api/delegationofauthority/letters/range responded 200 in 78ms
2025-12-12 15:54:12.539 -05:00 [INF] [ix4ni2lrfs] [anonymous] HTTP GET /api/projectassignments responded 200 in 68ms
2025-12-12 15:54:12.556 -05:00 [INF] [ix4ni2lrfs] [b10dac11-72fb-44ce-accb-c4074fba045b] Dashboard data retrieved for user "b10dac11-72fb-44ce-accb-c4074fba045b"
2025-12-12 15:54:12.557 -05:00 [INF] [ix4ni2lrfs] [anonymous] HTTP GET /api/dashboard responded 200 in 420ms
2025-12-12 15:54:12.557 -05:00 [INF] [ix4ni2lrfs] [anonymous] HTTP GET /api/forecasts/my-forecasts responded 200 in 74ms
2025-12-12 15:54:14.440 -05:00 [INF] [ix4ni2lrfs] [anonymous] HTTP GET /api/helparticles responded 200 in 33ms
2025-12-12 15:54:14.469 -05:00 [INF] [ix4ni2lrfs] [anonymous] HTTP GET /api/tenants responded 200 in 65ms
2025-12-12 15:54:14.477 -05:00 [INF] [ix4ni2lrfs] [anonymous] HTTP GET /api/user-invitations/pending responded 200 in 71ms
2025-12-12 15:54:14.653 -05:00 [INF] [ix4ni2lrfs] [anonymous] HTTP GET /api/users responded 200 in 246ms
2025-12-12 15:54:16.511 -05:00 [INF] [ix4ni2lrfs] [anonymous] HTTP GET /api/helparticles responded 200 in 34ms
2025-12-12 15:54:16.548 -05:00 [INF] [ix4ni2lrfs] [anonymous] HTTP GET /api/doatemplates responded 200 in 72ms
2025-12-12 15:54:21.056 -05:00 [INF] [ix4ni2lrfs] [anonymous] HTTP GET /api/delegationofauthority responded 200 in 76ms
2025-12-12 15:55:17.366 -05:00 [INF] [ix4ni2lrfs] [anonymous] HTTP GET /api/worklocationtemplates responded 200 in 105ms
2025-12-12 15:55:18.301 -05:00 [INF] [ix4ni2lrfs] [anonymous] HTTP GET /api/helparticles responded 200 in 30ms
2025-12-12 15:55:18.336 -05:00 [INF] [ix4ni2lrfs] [anonymous] HTTP GET /api/forecasts/my-forecasts responded 200 in 65ms
2025-12-12 15:55:18.347 -05:00 [INF] [ix4ni2lrfs] [anonymous] HTTP GET /api/forecasts/my-forecasts responded 200 in 76ms
2025-12-12 15:55:18.347 -05:00 [INF] [ix4ni2lrfs] [anonymous] HTTP GET /api/projectroleassignments/my-assignments responded 200 in 76ms
2025-12-12 15:55:20.430 -05:00 [INF] [ix4ni2lrfs] [anonymous] HTTP GET /api/helparticles responded 200 in 32ms
2025-12-12 15:55:20.470 -05:00 [INF] [ix4ni2lrfs] [anonymous] HTTP GET /api/groups responded 200 in 71ms
2025-12-12 15:55:20.480 -05:00 [INF] [ix4ni2lrfs] [anonymous] HTTP GET /api/projects responded 200 in 82ms
2025-12-12 15:55:20.533 -05:00 [INF] [ix4ni2lrfs] [anonymous] HTTP GET /api/people responded 200 in 134ms
2025-12-12 15:55:21.098 -05:00 [INF] [ix4ni2lrfs] [anonymous] HTTP GET /api/files responded 200 in 35ms
2025-12-12 15:55:21.309 -05:00 [INF] [ix4ni2lrfs] [anonymous] HTTP GET /api/resumes/my responded 200 in 245ms
2025-12-12 15:55:21.415 -05:00 [INF] [ix4ni2lrfs] [anonymous] HTTP GET /api/resumes/453b30b5-7f4c-4b5b-b500-6a0e538953e5/versions responded 200 in 99ms
2025-12-12 15:55:21.522 -05:00 [INF] [ix4ni2lrfs] [anonymous] HTTP GET /api/resumes/my responded 200 in 209ms
2025-12-12 15:55:21.626 -05:00 [INF] [ix4ni2lrfs] [anonymous] HTTP GET /api/helparticles responded 200 in 32ms
2025-12-12 15:55:21.631 -05:00 [INF] [ix4ni2lrfs] [anonymous] HTTP GET /api/resumes/453b30b5-7f4c-4b5b-b500-6a0e538953e5/versions responded 200 in 105ms
2025-12-12 15:55:23.068 -05:00 [INF] [ix4ni2lrfs] [anonymous] HTTP GET /api/resumes/my responded 200 in 210ms
2025-12-12 15:55:23.175 -05:00 [INF] [ix4ni2lrfs] [anonymous] HTTP GET /api/resumes/453b30b5-7f4c-4b5b-b500-6a0e538953e5/versions responded 200 in 102ms
2025-12-12 15:55:23.310 -05:00 [INF] [ix4ni2lrfs] [anonymous] HTTP GET /api/resumes/my responded 200 in 239ms
2025-12-12 15:55:23.417 -05:00 [INF] [ix4ni2lrfs] [anonymous] HTTP GET /api/resumes/453b30b5-7f4c-4b5b-b500-6a0e538953e5/versions responded 200 in 102ms
2025-12-12 15:55:23.850 -05:00 [INF] [ix4ni2lrfs] [anonymous] HTTP GET /api/helparticles responded 200 in 35ms
2025-12-12 15:55:24.112 -05:00 [INF] [ix4ni2lrfs] [anonymous] HTTP GET /api/resumes/453b30b5-7f4c-4b5b-b500-6a0e538953e5 responded 200 in 277ms
2025-12-12 15:55:24.165 -05:00 [INF] [ix4ni2lrfs] [anonymous] HTTP GET /api/certifications/user/b10dac11-72fb-44ce-accb-c4074fba045b responded 200 in 46ms
2025-12-12 15:55:24.171 -05:00 [INF] [ix4ni2lrfs] [anonymous] HTTP GET /api/certifications responded 200 in 52ms
2025-12-12 15:55:24.189 -05:00 [INF] [ix4ni2lrfs] [anonymous] HTTP GET /api/skills/user/b10dac11-72fb-44ce-accb-c4074fba045b responded 200 in 70ms
2025-12-12 15:55:24.249 -05:00 [INF] [ix4ni2lrfs] [anonymous] HTTP GET /api/skills responded 200 in 130ms
2025-12-12 15:55:24.360 -05:00 [INF] [ix4ni2lrfs] [anonymous] HTTP GET /api/resumes/453b30b5-7f4c-4b5b-b500-6a0e538953e5 responded 200 in 244ms
2025-12-12 15:55:24.393 -05:00 [INF] [ix4ni2lrfs] [anonymous] HTTP GET /api/certifications responded 200 in 26ms
2025-12-12 15:55:24.394 -05:00 [INF] [ix4ni2lrfs] [anonymous] HTTP GET /api/skills/user/b10dac11-72fb-44ce-accb-c4074fba045b responded 200 in 28ms
2025-12-12 15:55:24.395 -05:00 [INF] [ix4ni2lrfs] [anonymous] HTTP GET /api/certifications/user/b10dac11-72fb-44ce-accb-c4074fba045b responded 200 in 28ms
2025-12-12 15:55:24.474 -05:00 [INF] [ix4ni2lrfs] [anonymous] HTTP GET /api/skills responded 200 in 108ms
2025-12-12 15:55:32.296 -05:00 [INF] [ix4ni2lrfs] [anonymous] HTTP GET /api/helparticles responded 200 in 32ms
2025-12-12 15:55:32.662 -05:00 [INF] [ix4ni2lrfs] [anonymous] HTTP GET /api/facilities-portal/dashboard responded 200 in 398ms
2025-12-12 15:55:33.816 -05:00 [INF] [ix4ni2lrfs] [anonymous] HTTP GET /api/helparticles responded 200 in 36ms
