2025-12-16 16:53:52.301 -05:00 [WRN] [] [] Entity 'User' has a global query filter defined and is the required end of a relationship with the entity 'RefreshToken'. This may lead to unexpected results when the required entity is filtered out. Either configure the navigation as optional, or define matching query filters for both entities in the navigation. See https://go.microsoft.com/fwlink/?linkid=2131316 for more information.
2025-12-16 16:53:52.316 -05:00 [WRN] [] [] Entity 'Tenant' has a global query filter defined and is the required end of a relationship with the entity 'UserInvitation'. This may lead to unexpected results when the required entity is filtered out. Either configure the navigation as optional, or define matching query filters for both entities in the navigation. See https://go.microsoft.com/fwlink/?linkid=2131316 for more information.
2025-12-16 16:53:52.342 -05:00 [WRN] [] [] The property 'TenantMembership.Roles' is a collection or enumeration type with a value converter but with no value comparer. Set a value comparer to ensure the collection/enumeration elements are compared correctly.
2025-12-16 16:53:52.342 -05:00 [WRN] [] [] The property 'User.StandardDelegateIds' is a collection or enumeration type with a value converter but with no value comparer. Set a value comparer to ensure the collection/enumeration elements are compared correctly.
2025-12-16 16:53:53.370 -05:00 [INF] [] [] Role permission templates checked/seeded successfully
2025-12-16 16:53:53.516 -05:00 [INF] [] [] Starting MyScheduling API
2025-12-16 16:53:53.517 -05:00 [INF] [] [] Checking for pending database migrations...
2025-12-16 16:53:53.901 -05:00 [INF] [] [] Applying 2 pending migration(s): 20251215205402_AddRefreshTokens, 20251216021659_AddSalesOpsModule
2025-12-16 16:53:57.607 -05:00 [INF] [] [] Database migrations applied successfully
2025-12-16 16:54:00.258 -05:00 [WRN] [fh0b3p6fapj] [anonymous] Failed to determine the https port for redirect.
2025-12-16 16:54:00.276 -05:00 [WRN] [fh0b3p6fapj] [anonymous] HTTP GET /api/helparticles?contextKey=general responded 401 in 40ms
2025-12-16 16:54:00.292 -05:00 [WRN] [fh0b3p6fapj] [anonymous] HTTP GET /api/certifications/expiring responded 401 in 3ms
2025-12-16 16:54:00.310 -05:00 [WRN] [fh0b3p6fapj] [anonymous] HTTP GET /api/assignmentrequests?tenantId=d0622130-b12a-408f-8a5e-7b9904858191&status=0 responded 401 in 21ms
2025-12-16 16:54:00.310 -05:00 [WRN] [fh0b3p6fapj] [anonymous] HTTP GET /api/delegationofauthority/letters/range?startDate=2025-12-15&endDate=2025-12-28 responded 401 in 14ms
2025-12-16 16:54:00.310 -05:00 [WRN] [fh0b3p6fapj] [anonymous] HTTP GET /api/bookings?userId=b10dac11-72fb-44ce-accb-c4074fba045b&startDate=2025-12-15T05%3A00%3A00.000Z&endDate=2025-12-28T05%3A00%3A00.000Z responded 401 in 21ms
2025-12-16 16:54:00.310 -05:00 [WRN] [fh0b3p6fapj] [anonymous] HTTP GET /api/tenantsettings responded 401 in 21ms
2025-12-16 16:54:00.310 -05:00 [WRN] [fh0b3p6fapj] [anonymous] HTTP GET /api/dashboard?userId=b10dac11-72fb-44ce-accb-c4074fba045b&startDate=2025-12-15&endDate=2025-12-28 responded 401 in 21ms
2025-12-16 16:54:00.313 -05:00 [WRN] [fh0b3p6fapj] [anonymous] HTTP GET /api/assignmentrequests responded 401 in 23ms
2025-12-16 16:54:00.316 -05:00 [WRN] [fh0b3p6fapj] [anonymous] HTTP GET /api/helparticles?contextKey=work responded 401 in 0ms
2025-12-16 16:54:00.318 -05:00 [WRN] [fh0b3p6fapj] [anonymous] HTTP GET /api/projectassignments?userId=b10dac11-72fb-44ce-accb-c4074fba045b&status=2 responded 401 in 2ms
2025-12-16 16:54:00.318 -05:00 [WRN] [fh0b3p6fapj] [anonymous] HTTP GET /api/forecasts/my-forecasts?tenantId=d0622130-b12a-408f-8a5e-7b9904858191 responded 401 in 2ms
2025-12-16 16:54:00.839 -05:00 [INF] [fb10b19ebf3e] [anonymous] HTTP GET /api/auth/sso/config responded 200 in 11ms
2025-12-16 16:57:38.254 -05:00 [WRN] [] [] Entity 'User' has a global query filter defined and is the required end of a relationship with the entity 'RefreshToken'. This may lead to unexpected results when the required entity is filtered out. Either configure the navigation as optional, or define matching query filters for both entities in the navigation. See https://go.microsoft.com/fwlink/?linkid=2131316 for more information.
2025-12-16 16:57:38.270 -05:00 [WRN] [] [] Entity 'Tenant' has a global query filter defined and is the required end of a relationship with the entity 'UserInvitation'. This may lead to unexpected results when the required entity is filtered out. Either configure the navigation as optional, or define matching query filters for both entities in the navigation. See https://go.microsoft.com/fwlink/?linkid=2131316 for more information.
2025-12-16 16:57:38.294 -05:00 [WRN] [] [] The property 'TenantMembership.Roles' is a collection or enumeration type with a value converter but with no value comparer. Set a value comparer to ensure the collection/enumeration elements are compared correctly.
2025-12-16 16:57:38.294 -05:00 [WRN] [] [] The property 'User.StandardDelegateIds' is a collection or enumeration type with a value converter but with no value comparer. Set a value comparer to ensure the collection/enumeration elements are compared correctly.
2025-12-16 16:57:39.258 -05:00 [INF] [] [] Role permission templates checked/seeded successfully
2025-12-16 16:57:39.364 -05:00 [INF] [] [] Starting MyScheduling API
2025-12-16 16:57:39.364 -05:00 [INF] [] [] Checking for pending database migrations...
2025-12-16 16:57:39.730 -05:00 [INF] [] [] No pending database migrations
2025-12-16 17:00:18.755 -05:00 [WRN] [9eed65113f16] [anonymous] Failed to determine the https port for redirect.
2025-12-16 17:00:18.780 -05:00 [INF] [9eed65113f16] [anonymous] HTTP GET /api/auth/sso/config responded 200 in 41ms
2025-12-16 17:00:27.129 -05:00 [INF] [y1t8ut13bv] [anonymous] Successful login for user admin@admin.com
2025-12-16 17:00:27.258 -05:00 [INF] [y1t8ut13bv] [anonymous] HTTP POST /api/auth/login responded 200 in 871ms
2025-12-16 17:00:27.342 -05:00 [INF] [y1t8ut13bv] [anonymous] HTTP GET /api/helparticles?contextKey=general responded 200 in 77ms
2025-12-16 17:00:29.355 -05:00 [INF] [y1t8ut13bv] [anonymous] HTTP GET /api/certifications/expiring responded 200 in 126ms
2025-12-16 17:00:29.703 -05:00 [INF] [y1t8ut13bv] [anonymous] HTTP GET /api/delegationofauthority/letters/range?startDate=2025-12-15&endDate=2025-12-28 responded 200 in 343ms
2025-12-16 17:00:29.703 -05:00 [INF] [y1t8ut13bv] [anonymous] HTTP GET /api/assignmentrequests?tenantId=d0622130-b12a-408f-8a5e-7b9904858191&status=0 responded 200 in 475ms
2025-12-16 17:00:29.706 -05:00 [INF] [y1t8ut13bv] [anonymous] HTTP GET /api/tenantsettings responded 200 in 478ms
2025-12-16 17:00:29.708 -05:00 [INF] [y1t8ut13bv] [anonymous] HTTP GET /api/bookings?userId=b10dac11-72fb-44ce-accb-c4074fba045b&startDate=2025-12-15T05%3A00%3A00.000Z&endDate=2025-12-28T05%3A00%3A00.000Z responded 200 in 478ms
2025-12-16 17:00:29.713 -05:00 [INF] [y1t8ut13bv] [anonymous] HTTP GET /api/assignmentrequests responded 200 in 486ms
2025-12-16 17:00:29.719 -05:00 [INF] [y1t8ut13bv] [b10dac11-72fb-44ce-accb-c4074fba045b] Dashboard data retrieved for user "b10dac11-72fb-44ce-accb-c4074fba045b"
2025-12-16 17:00:29.726 -05:00 [INF] [y1t8ut13bv] [anonymous] HTTP GET /api/dashboard?userId=b10dac11-72fb-44ce-accb-c4074fba045b&startDate=2025-12-15&endDate=2025-12-28 responded 200 in 496ms
2025-12-16 17:00:29.739 -05:00 [INF] [y1t8ut13bv] [anonymous] HTTP GET /api/helparticles?contextKey=work responded 200 in 30ms
2025-12-16 17:00:29.805 -05:00 [INF] [y1t8ut13bv] [anonymous] HTTP GET /api/projectassignments?userId=b10dac11-72fb-44ce-accb-c4074fba045b&status=2 responded 200 in 99ms
2025-12-16 17:00:29.825 -05:00 [INF] [y1t8ut13bv] [anonymous] HTTP GET /api/forecasts/my-forecasts?tenantId=d0622130-b12a-408f-8a5e-7b9904858191 responded 200 in 117ms
2025-12-16 17:02:29.929 -05:00 [INF] [y1t8ut13bv] [anonymous] HTTP GET /api/helparticles?contextKey=forecast responded 200 in 35ms
2025-12-16 17:02:29.972 -05:00 [INF] [y1t8ut13bv] [anonymous] HTTP GET /api/projects?tenantId=d0622130-b12a-408f-8a5e-7b9904858191 responded 200 in 78ms
2025-12-16 17:02:31.484 -05:00 [INF] [y1t8ut13bv] [anonymous] HTTP GET /api/helparticles?contextKey=facilities responded 200 in 33ms
2025-12-16 17:02:31.921 -05:00 [INF] [y1t8ut13bv] [anonymous] HTTP GET /api/facilities-portal/dashboard responded 200 in 471ms
2025-12-16 17:35:01.290 -05:00 [WRN] [] [] Entity 'User' has a global query filter defined and is the required end of a relationship with the entity 'RefreshToken'. This may lead to unexpected results when the required entity is filtered out. Either configure the navigation as optional, or define matching query filters for both entities in the navigation. See https://go.microsoft.com/fwlink/?linkid=2131316 for more information.
2025-12-16 17:35:01.310 -05:00 [WRN] [] [] Entity 'Tenant' has a global query filter defined and is the required end of a relationship with the entity 'UserInvitation'. This may lead to unexpected results when the required entity is filtered out. Either configure the navigation as optional, or define matching query filters for both entities in the navigation. See https://go.microsoft.com/fwlink/?linkid=2131316 for more information.
2025-12-16 17:35:01.332 -05:00 [WRN] [] [] The property 'TenantMembership.Roles' is a collection or enumeration type with a value converter but with no value comparer. Set a value comparer to ensure the collection/enumeration elements are compared correctly.
2025-12-16 17:35:01.333 -05:00 [WRN] [] [] The property 'User.StandardDelegateIds' is a collection or enumeration type with a value converter but with no value comparer. Set a value comparer to ensure the collection/enumeration elements are compared correctly.
2025-12-16 17:35:02.313 -05:00 [INF] [] [] Role permission templates checked/seeded successfully
2025-12-16 17:35:02.416 -05:00 [INF] [] [] Starting MyScheduling API
2025-12-16 17:35:02.417 -05:00 [INF] [] [] Checking for pending database migrations...
2025-12-16 17:35:02.786 -05:00 [INF] [] [] No pending database migrations
2025-12-16 17:35:14.539 -05:00 [WRN] [6e67bd8f39f4] [] Failed to determine the https port for redirect.
2025-12-16 17:35:43.030 -05:00 [INF] [dc43c36076b0] [anonymous] HTTP GET /api/auth/sso/config responded 200 in 17ms
2025-12-16 17:35:47.586 -05:00 [INF] [j9il6hfz4yj] [anonymous] Successful login for user admin@admin.com
2025-12-16 17:35:47.737 -05:00 [INF] [j9il6hfz4yj] [anonymous] HTTP POST /api/auth/login responded 200 in 909ms
2025-12-16 17:35:47.807 -05:00 [INF] [j9il6hfz4yj] [anonymous] HTTP GET /api/helparticles?contextKey=general responded 200 in 65ms
2025-12-16 17:35:48.807 -05:00 [INF] [j9il6hfz4yj] [anonymous] HTTP GET /api/certifications/expiring responded 200 in 149ms
2025-12-16 17:35:49.138 -05:00 [INF] [j9il6hfz4yj] [b10dac11-72fb-44ce-accb-c4074fba045b] Dashboard data retrieved for user "b10dac11-72fb-44ce-accb-c4074fba045b"
2025-12-16 17:35:49.139 -05:00 [INF] [j9il6hfz4yj] [anonymous] HTTP GET /api/delegationofauthority/letters/range?startDate=2025-12-15&endDate=2025-12-28 responded 200 in 328ms
2025-12-16 17:35:49.139 -05:00 [INF] [j9il6hfz4yj] [anonymous] HTTP GET /api/assignmentrequests?tenantId=d0622130-b12a-408f-8a5e-7b9904858191&status=0 responded 200 in 482ms
2025-12-16 17:35:49.141 -05:00 [INF] [j9il6hfz4yj] [anonymous] HTTP GET /api/tenantsettings responded 200 in 486ms
2025-12-16 17:35:49.145 -05:00 [INF] [j9il6hfz4yj] [anonymous] HTTP GET /api/bookings?userId=b10dac11-72fb-44ce-accb-c4074fba045b&startDate=2025-12-15T05%3A00%3A00.000Z&endDate=2025-12-28T05%3A00%3A00.000Z responded 200 in 485ms
2025-12-16 17:35:49.146 -05:00 [INF] [j9il6hfz4yj] [anonymous] HTTP GET /api/dashboard?userId=b10dac11-72fb-44ce-accb-c4074fba045b&startDate=2025-12-15&endDate=2025-12-28 responded 200 in 486ms
2025-12-16 17:35:49.147 -05:00 [INF] [j9il6hfz4yj] [anonymous] HTTP GET /api/assignmentrequests responded 200 in 491ms
2025-12-16 17:35:49.176 -05:00 [INF] [j9il6hfz4yj] [anonymous] HTTP GET /api/helparticles?contextKey=work responded 200 in 31ms
2025-12-16 17:35:49.238 -05:00 [INF] [j9il6hfz4yj] [anonymous] HTTP GET /api/projectassignments?userId=b10dac11-72fb-44ce-accb-c4074fba045b&status=2 responded 200 in 95ms
2025-12-16 17:35:49.249 -05:00 [INF] [j9il6hfz4yj] [anonymous] HTTP GET /api/forecasts/my-forecasts?tenantId=d0622130-b12a-408f-8a5e-7b9904858191 responded 200 in 106ms
2025-12-16 17:35:50.897 -05:00 [WRN] [j9il6hfz4yj] [anonymous] HTTP GET /api/api/salesops/accounts responded 404 in 0ms
2025-12-16 17:35:50.897 -05:00 [WRN] [j9il6hfz4yj] [anonymous] HTTP GET /api/api/salesops/bidding-entities responded 404 in 0ms
2025-12-16 17:35:50.897 -05:00 [WRN] [j9il6hfz4yj] [anonymous] HTTP GET /api/api/salesops/opportunities responded 404 in 0ms
2025-12-16 17:35:51.918 -05:00 [WRN] [j9il6hfz4yj] [anonymous] HTTP GET /api/api/salesops/accounts responded 404 in 0ms
2025-12-16 17:35:51.918 -05:00 [WRN] [j9il6hfz4yj] [anonymous] HTTP GET /api/api/salesops/bidding-entities responded 404 in 0ms
2025-12-16 17:35:51.918 -05:00 [WRN] [j9il6hfz4yj] [anonymous] HTTP GET /api/api/salesops/opportunities responded 404 in 0ms
2025-12-16 17:35:51.933 -05:00 [WRN] [j9il6hfz4yj] [anonymous] HTTP GET /api/api/salesops/bidding-entities/expiring?days=90 responded 404 in 0ms
2025-12-16 17:35:51.934 -05:00 [WRN] [j9il6hfz4yj] [anonymous] HTTP GET /api/api/salesops/bidding-entities responded 404 in 0ms
2025-12-16 17:35:52.952 -05:00 [WRN] [j9il6hfz4yj] [anonymous] HTTP GET /api/api/salesops/bidding-entities responded 404 in 0ms
2025-12-16 17:35:52.952 -05:00 [WRN] [j9il6hfz4yj] [anonymous] HTTP GET /api/api/salesops/bidding-entities/expiring?days=90 responded 404 in 0ms
2025-12-16 17:35:53.213 -05:00 [WRN] [j9il6hfz4yj] [anonymous] HTTP GET /api/api/salesops/stages responded 404 in 0ms
2025-12-16 17:35:53.213 -05:00 [WRN] [j9il6hfz4yj] [anonymous] HTTP GET /api/api/salesops/opportunities?take=500 responded 404 in 0ms
2025-12-16 17:35:53.214 -05:00 [WRN] [j9il6hfz4yj] [anonymous] HTTP GET /api/api/salesops/opportunities/pipeline-summary responded 404 in 0ms
2025-12-16 17:35:54.227 -05:00 [WRN] [j9il6hfz4yj] [anonymous] HTTP GET /api/api/salesops/opportunities?take=500 responded 404 in 0ms
2025-12-16 17:35:54.227 -05:00 [WRN] [j9il6hfz4yj] [anonymous] HTTP GET /api/api/salesops/stages responded 404 in 0ms
2025-12-16 17:35:54.227 -05:00 [WRN] [j9il6hfz4yj] [anonymous] HTTP GET /api/api/salesops/opportunities/pipeline-summary responded 404 in 0ms
2025-12-16 17:35:56.619 -05:00 [WRN] [j9il6hfz4yj] [anonymous] HTTP GET /api/api/salesops/opportunities?skip=0&take=25 responded 404 in 0ms
2025-12-16 17:35:56.619 -05:00 [WRN] [j9il6hfz4yj] [anonymous] HTTP GET /api/api/salesops/accounts responded 404 in 0ms
2025-12-16 17:35:56.619 -05:00 [WRN] [j9il6hfz4yj] [anonymous] HTTP GET /api/api/salesops/stages responded 404 in 0ms
2025-12-16 17:35:57.636 -05:00 [WRN] [j9il6hfz4yj] [anonymous] HTTP GET /api/api/salesops/opportunities?skip=0&take=25 responded 404 in 0ms
2025-12-16 17:35:57.636 -05:00 [WRN] [j9il6hfz4yj] [anonymous] HTTP GET /api/api/salesops/stages responded 404 in 0ms
2025-12-16 17:35:57.636 -05:00 [WRN] [j9il6hfz4yj] [anonymous] HTTP GET /api/api/salesops/accounts responded 404 in 0ms
2025-12-16 17:35:58.926 -05:00 [WRN] [j9il6hfz4yj] [anonymous] HTTP GET /api/api/salesops/opportunities?take=500 responded 404 in 0ms
2025-12-16 17:35:59.937 -05:00 [WRN] [j9il6hfz4yj] [anonymous] HTTP GET /api/api/salesops/opportunities?take=500 responded 404 in 0ms
2025-12-16 17:36:00.818 -05:00 [WRN] [j9il6hfz4yj] [anonymous] HTTP GET /api/api/salesops/accounts?includeInactive=false responded 404 in 0ms
2025-12-16 17:36:01.831 -05:00 [WRN] [j9il6hfz4yj] [anonymous] HTTP GET /api/api/salesops/accounts?includeInactive=false responded 404 in 0ms
2025-12-16 17:36:05.912 -05:00 [WRN] [j9il6hfz4yj] [anonymous] HTTP GET /api/api/salesops/accounts responded 404 in 0ms
2025-12-16 17:36:05.912 -05:00 [WRN] [j9il6hfz4yj] [anonymous] HTTP GET /api/api/salesops/contacts?includeInactive=false responded 404 in 0ms
2025-12-16 17:36:06.922 -05:00 [WRN] [j9il6hfz4yj] [anonymous] HTTP GET /api/api/salesops/accounts responded 404 in 0ms
2025-12-16 17:36:06.923 -05:00 [WRN] [j9il6hfz4yj] [anonymous] HTTP GET /api/api/salesops/contacts?includeInactive=false responded 404 in 0ms
2025-12-16 17:37:54.898 -05:00 [WRN] [j9il6hfz4yj] [anonymous] HTTP GET /api/api/salesops/contract-vehicles?includeInactive=false responded 404 in 0ms
2025-12-16 17:37:55.909 -05:00 [WRN] [j9il6hfz4yj] [anonymous] HTTP GET /api/api/salesops/contract-vehicles?includeInactive=false responded 404 in 0ms
2025-12-16 17:39:47.203 -05:00 [WRN] [ca7c162593a5] [anonymous] HTTP GET /api/salesops/stages responded 401 in 3ms
2025-12-16 17:40:58.561 -05:00 [WRN] [j9il6hfz4yj] [anonymous] HTTP GET /api/api/salesops/contract-vehicles?includeInactive=false responded 404 in 0ms
2025-12-16 17:40:59.571 -05:00 [WRN] [j9il6hfz4yj] [anonymous] HTTP GET /api/salesops/contract-vehicles?includeInactive=false responded 404 in 0ms
2025-12-16 17:42:18.593 -05:00 [WRN] [j9il6hfz4yj] [anonymous] HTTP GET /api/salesops/contacts?includeInactive=false responded 404 in 0ms
2025-12-16 17:42:19.108 -05:00 [INF] [j9il6hfz4yj] [anonymous] HTTP GET /api/salesops/accounts responded 200 in 515ms
2025-12-16 17:42:19.601 -05:00 [WRN] [j9il6hfz4yj] [anonymous] HTTP GET /api/salesops/contacts?includeInactive=false responded 404 in 0ms
2025-12-16 17:42:20.674 -05:00 [INF] [j9il6hfz4yj] [anonymous] HTTP GET /api/salesops/accounts?includeInactive=false responded 200 in 66ms
2025-12-16 17:42:21.946 -05:00 [INF] [j9il6hfz4yj] [anonymous] HTTP GET /api/salesops/opportunities?take=500 responded 200 in 128ms
2025-12-16 17:42:22.619 -05:00 [INF] [j9il6hfz4yj] [anonymous] HTTP GET /api/salesops/stages responded 200 in 85ms
2025-12-16 17:42:22.828 -05:00 [INF] [j9il6hfz4yj] [anonymous] HTTP GET /api/salesops/opportunities?skip=0&take=25 responded 200 in 294ms
2025-12-16 17:42:23.195 -05:00 [INF] [j9il6hfz4yj] [anonymous] HTTP GET /api/salesops/opportunities/pipeline-summary responded 200 in 82ms
