2025-12-15 09:57:45.706 -05:00 [WRN] [] [] Entity 'Tenant' has a global query filter defined and is the required end of a relationship with the entity 'UserInvitation'. This may lead to unexpected results when the required entity is filtered out. Either configure the navigation as optional, or define matching query filters for both entities in the navigation. See https://go.microsoft.com/fwlink/?linkid=2131316 for more information.
2025-12-15 09:57:45.802 -05:00 [WRN] [] [] The property 'TenantMembership.Roles' is a collection or enumeration type with a value converter but with no value comparer. Set a value comparer to ensure the collection/enumeration elements are compared correctly.
2025-12-15 09:57:45.805 -05:00 [WRN] [] [] The property 'User.StandardDelegateIds' is a collection or enumeration type with a value converter but with no value comparer. Set a value comparer to ensure the collection/enumeration elements are compared correctly.
2025-12-15 09:57:48.465 -05:00 [WRN] [] [] Entity 'Tenant' has a global query filter defined and is the required end of a relationship with the entity 'UserInvitation'. This may lead to unexpected results when the required entity is filtered out. Either configure the navigation as optional, or define matching query filters for both entities in the navigation. See https://go.microsoft.com/fwlink/?linkid=2131316 for more information.
2025-12-15 09:57:48.488 -05:00 [WRN] [] [] The property 'TenantMembership.Roles' is a collection or enumeration type with a value converter but with no value comparer. Set a value comparer to ensure the collection/enumeration elements are compared correctly.
2025-12-15 09:57:48.490 -05:00 [WRN] [] [] The property 'User.StandardDelegateIds' is a collection or enumeration type with a value converter but with no value comparer. Set a value comparer to ensure the collection/enumeration elements are compared correctly.
2025-12-15 09:58:18.959 -05:00 [WRN] [] [] Entity 'Tenant' has a global query filter defined and is the required end of a relationship with the entity 'UserInvitation'. This may lead to unexpected results when the required entity is filtered out. Either configure the navigation as optional, or define matching query filters for both entities in the navigation. See https://go.microsoft.com/fwlink/?linkid=2131316 for more information.
2025-12-15 09:58:19.061 -05:00 [WRN] [] [] The property 'TenantMembership.Roles' is a collection or enumeration type with a value converter but with no value comparer. Set a value comparer to ensure the collection/enumeration elements are compared correctly.
2025-12-15 09:58:19.063 -05:00 [WRN] [] [] The property 'User.StandardDelegateIds' is a collection or enumeration type with a value converter but with no value comparer. Set a value comparer to ensure the collection/enumeration elements are compared correctly.
2025-12-15 10:00:08.381 -05:00 [WRN] [] [] Entity 'Tenant' has a global query filter defined and is the required end of a relationship with the entity 'UserInvitation'. This may lead to unexpected results when the required entity is filtered out. Either configure the navigation as optional, or define matching query filters for both entities in the navigation. See https://go.microsoft.com/fwlink/?linkid=2131316 for more information.
2025-12-15 10:00:08.442 -05:00 [WRN] [] [] The property 'TenantMembership.Roles' is a collection or enumeration type with a value converter but with no value comparer. Set a value comparer to ensure the collection/enumeration elements are compared correctly.
2025-12-15 10:00:08.443 -05:00 [WRN] [] [] The property 'User.StandardDelegateIds' is a collection or enumeration type with a value converter but with no value comparer. Set a value comparer to ensure the collection/enumeration elements are compared correctly.
2025-12-15 10:00:09.602 -05:00 [INF] [] [] Role permission templates checked/seeded successfully
2025-12-15 10:00:09.873 -05:00 [INF] [] [] Starting MyScheduling API
2025-12-15 10:00:32.304 -05:00 [WRN] [rz2pzq86of] [anonymous] Failed to determine the https port for redirect.
2025-12-15 10:00:32.357 -05:00 [WRN] [rz2pzq86of] [anonymous] HTTP GET /api/helparticles responded 401 in 104ms
2025-12-15 10:00:32.357 -05:00 [WRN] [rz2pzq86of] [anonymous] HTTP GET /api/certifications/expiring responded 401 in 104ms
2025-12-15 10:00:32.389 -05:00 [WRN] [rz2pzq86of] [anonymous] HTTP GET /api/bookings responded 401 in 137ms
2025-12-15 10:00:32.389 -05:00 [WRN] [rz2pzq86of] [anonymous] HTTP GET /api/dashboard responded 401 in 137ms
2025-12-15 10:00:32.389 -05:00 [WRN] [rz2pzq86of] [anonymous] HTTP GET /api/assignmentrequests responded 401 in 137ms
2025-12-15 10:00:32.389 -05:00 [WRN] [rz2pzq86of] [anonymous] HTTP GET /api/tenantsettings responded 401 in 137ms
2025-12-15 10:00:32.400 -05:00 [WRN] [rz2pzq86of] [anonymous] HTTP GET /api/delegationofauthority/letters/range responded 401 in 7ms
2025-12-15 10:00:32.403 -05:00 [WRN] [rz2pzq86of] [anonymous] HTTP GET /api/projectassignments responded 401 in 10ms
2025-12-15 10:00:32.416 -05:00 [WRN] [rz2pzq86of] [anonymous] HTTP GET /api/helparticles responded 401 in 3ms
2025-12-15 10:00:32.817 -05:00 [INF] [83c8520cee3d] [anonymous] Azure Email Service initialized with sender: DoNotReply@3a748adb-2be6-4d17-9c63-b4f7b9fc0043.azurecomm.net
2025-12-15 10:00:32.834 -05:00 [INF] [83c8520cee3d] [anonymous] HTTP GET /api/auth/sso/config responded 200 in 59ms
2025-12-15 10:08:45.514 -05:00 [INF] [op1hx35jk3l] [anonymous] Azure Email Service initialized with sender: DoNotReply@3a748adb-2be6-4d17-9c63-b4f7b9fc0043.azurecomm.net
2025-12-15 10:08:46.336 -05:00 [ERR] [op1hx35jk3l] [anonymous] An exception occurred while iterating over the results of a query for context type 'MyScheduling.Infrastructure.Data.MySchedulingDbContext'.
System.Text.Json.JsonException: The JSON value could not be converted to System.Collections.Generic.List`1[System.Guid]. Path: $ | LineNumber: 0 | BytePositionInLine: 1.
   at System.Text.Json.ThrowHelper.ThrowJsonException_DeserializeUnableToConvertValue(Type propertyType)
   at System.Text.Json.Serialization.JsonCollectionConverter`2.OnTryRead(Utf8JsonReader& reader, Type typeToConvert, JsonSerializerOptions options, ReadStack& state, TCollection& value)
   at System.Text.Json.Serialization.JsonConverter`1.TryRead(Utf8JsonReader& reader, Type typeToConvert, JsonSerializerOptions options, ReadStack& state, T& value, Boolean& isPopulatedValue)
   at System.Text.Json.Serialization.JsonConverter`1.ReadCore(Utf8JsonReader& reader, JsonSerializerOptions options, ReadStack& state)
   at System.Text.Json.JsonSerializer.ReadFromSpan[TValue](ReadOnlySpan`1 utf8Json, JsonTypeInfo`1 jsonTypeInfo, Nullable`1 actualByteCount)
   at System.Text.Json.JsonSerializer.ReadFromSpan[TValue](ReadOnlySpan`1 json, JsonTypeInfo`1 jsonTypeInfo)
   at lambda_method254(Closure, QueryContext, DbDataReader, ResultContext, SplitQueryResultCoordinator)
   at Microsoft.EntityFrameworkCore.Query.Internal.SplitQueryingEnumerable`1.AsyncEnumerator.MoveNextAsync()
System.Text.Json.JsonException: The JSON value could not be converted to System.Collections.Generic.List`1[System.Guid]. Path: $ | LineNumber: 0 | BytePositionInLine: 1.
   at System.Text.Json.ThrowHelper.ThrowJsonException_DeserializeUnableToConvertValue(Type propertyType)
   at System.Text.Json.Serialization.JsonCollectionConverter`2.OnTryRead(Utf8JsonReader& reader, Type typeToConvert, JsonSerializerOptions options, ReadStack& state, TCollection& value)
   at System.Text.Json.Serialization.JsonConverter`1.TryRead(Utf8JsonReader& reader, Type typeToConvert, JsonSerializerOptions options, ReadStack& state, T& value, Boolean& isPopulatedValue)
   at System.Text.Json.Serialization.JsonConverter`1.ReadCore(Utf8JsonReader& reader, JsonSerializerOptions options, ReadStack& state)
   at System.Text.Json.JsonSerializer.ReadFromSpan[TValue](ReadOnlySpan`1 utf8Json, JsonTypeInfo`1 jsonTypeInfo, Nullable`1 actualByteCount)
   at System.Text.Json.JsonSerializer.ReadFromSpan[TValue](ReadOnlySpan`1 json, JsonTypeInfo`1 jsonTypeInfo)
   at lambda_method254(Closure, QueryContext, DbDataReader, ResultContext, SplitQueryResultCoordinator)
   at Microsoft.EntityFrameworkCore.Query.Internal.SplitQueryingEnumerable`1.AsyncEnumerator.MoveNextAsync()
2025-12-15 10:08:46.339 -05:00 [ERR] [op1hx35jk3l] [anonymous] Error during login for email: admin@admin.com
System.Text.Json.JsonException: The JSON value could not be converted to System.Collections.Generic.List`1[System.Guid]. Path: $ | LineNumber: 0 | BytePositionInLine: 1.
   at System.Text.Json.ThrowHelper.ThrowJsonException_DeserializeUnableToConvertValue(Type propertyType)
   at System.Text.Json.Serialization.JsonCollectionConverter`2.OnTryRead(Utf8JsonReader& reader, Type typeToConvert, JsonSerializerOptions options, ReadStack& state, TCollection& value)
   at System.Text.Json.Serialization.JsonConverter`1.TryRead(Utf8JsonReader& reader, Type typeToConvert, JsonSerializerOptions options, ReadStack& state, T& value, Boolean& isPopulatedValue)
   at System.Text.Json.Serialization.JsonConverter`1.ReadCore(Utf8JsonReader& reader, JsonSerializerOptions options, ReadStack& state)
   at System.Text.Json.JsonSerializer.ReadFromSpan[TValue](ReadOnlySpan`1 utf8Json, JsonTypeInfo`1 jsonTypeInfo, Nullable`1 actualByteCount)
   at System.Text.Json.JsonSerializer.ReadFromSpan[TValue](ReadOnlySpan`1 json, JsonTypeInfo`1 jsonTypeInfo)
   at lambda_method254(Closure, QueryContext, DbDataReader, ResultContext, SplitQueryResultCoordinator)
   at Microsoft.EntityFrameworkCore.Query.Internal.SplitQueryingEnumerable`1.AsyncEnumerator.MoveNextAsync()
   at Microsoft.EntityFrameworkCore.Query.ShapedQueryCompilingExpressionVisitor.SingleOrDefaultAsync[TSource](IAsyncEnumerable`1 asyncEnumerable, CancellationToken cancellationToken)
   at Microsoft.EntityFrameworkCore.Query.ShapedQueryCompilingExpressionVisitor.SingleOrDefaultAsync[TSource](IAsyncEnumerable`1 asyncEnumerable, CancellationToken cancellationToken)
   at MyScheduling.Api.Controllers.AuthController.Login(LoginRequest request) in C:\Users\GeoffVaughan\.vscode\Workspace\myScheduling\backend\src\MyScheduling.Api\Controllers\AuthController.cs:line 55
2025-12-15 10:08:46.565 -05:00 [ERR] [op1hx35jk3l] [anonymous] HTTP POST /api/auth/login responded 500 in 1063ms
2025-12-15 10:08:54.245 -05:00 [INF] [op1hx35jk3l] [anonymous] Azure Email Service initialized with sender: DoNotReply@3a748adb-2be6-4d17-9c63-b4f7b9fc0043.azurecomm.net
2025-12-15 10:08:54.287 -05:00 [ERR] [op1hx35jk3l] [anonymous] An exception occurred while iterating over the results of a query for context type 'MyScheduling.Infrastructure.Data.MySchedulingDbContext'.
System.Text.Json.JsonException: The JSON value could not be converted to System.Collections.Generic.List`1[System.Guid]. Path: $ | LineNumber: 0 | BytePositionInLine: 1.
   at System.Text.Json.ThrowHelper.ThrowJsonException_DeserializeUnableToConvertValue(Type propertyType)
   at System.Text.Json.Serialization.JsonCollectionConverter`2.OnTryRead(Utf8JsonReader& reader, Type typeToConvert, JsonSerializerOptions options, ReadStack& state, TCollection& value)
   at System.Text.Json.Serialization.JsonConverter`1.TryRead(Utf8JsonReader& reader, Type typeToConvert, JsonSerializerOptions options, ReadStack& state, T& value, Boolean& isPopulatedValue)
   at System.Text.Json.Serialization.JsonConverter`1.ReadCore(Utf8JsonReader& reader, JsonSerializerOptions options, ReadStack& state)
   at System.Text.Json.JsonSerializer.ReadFromSpan[TValue](ReadOnlySpan`1 utf8Json, JsonTypeInfo`1 jsonTypeInfo, Nullable`1 actualByteCount)
   at System.Text.Json.JsonSerializer.ReadFromSpan[TValue](ReadOnlySpan`1 json, JsonTypeInfo`1 jsonTypeInfo)
   at lambda_method254(Closure, QueryContext, DbDataReader, ResultContext, SplitQueryResultCoordinator)
   at Microsoft.EntityFrameworkCore.Query.Internal.SplitQueryingEnumerable`1.AsyncEnumerator.MoveNextAsync()
System.Text.Json.JsonException: The JSON value could not be converted to System.Collections.Generic.List`1[System.Guid]. Path: $ | LineNumber: 0 | BytePositionInLine: 1.
   at System.Text.Json.ThrowHelper.ThrowJsonException_DeserializeUnableToConvertValue(Type propertyType)
   at System.Text.Json.Serialization.JsonCollectionConverter`2.OnTryRead(Utf8JsonReader& reader, Type typeToConvert, JsonSerializerOptions options, ReadStack& state, TCollection& value)
   at System.Text.Json.Serialization.JsonConverter`1.TryRead(Utf8JsonReader& reader, Type typeToConvert, JsonSerializerOptions options, ReadStack& state, T& value, Boolean& isPopulatedValue)
   at System.Text.Json.Serialization.JsonConverter`1.ReadCore(Utf8JsonReader& reader, JsonSerializerOptions options, ReadStack& state)
   at System.Text.Json.JsonSerializer.ReadFromSpan[TValue](ReadOnlySpan`1 utf8Json, JsonTypeInfo`1 jsonTypeInfo, Nullable`1 actualByteCount)
   at System.Text.Json.JsonSerializer.ReadFromSpan[TValue](ReadOnlySpan`1 json, JsonTypeInfo`1 jsonTypeInfo)
   at lambda_method254(Closure, QueryContext, DbDataReader, ResultContext, SplitQueryResultCoordinator)
   at Microsoft.EntityFrameworkCore.Query.Internal.SplitQueryingEnumerable`1.AsyncEnumerator.MoveNextAsync()
2025-12-15 10:08:54.288 -05:00 [ERR] [op1hx35jk3l] [anonymous] Error during login for email: admin@admin.com
System.Text.Json.JsonException: The JSON value could not be converted to System.Collections.Generic.List`1[System.Guid]. Path: $ | LineNumber: 0 | BytePositionInLine: 1.
   at System.Text.Json.ThrowHelper.ThrowJsonException_DeserializeUnableToConvertValue(Type propertyType)
   at System.Text.Json.Serialization.JsonCollectionConverter`2.OnTryRead(Utf8JsonReader& reader, Type typeToConvert, JsonSerializerOptions options, ReadStack& state, TCollection& value)
   at System.Text.Json.Serialization.JsonConverter`1.TryRead(Utf8JsonReader& reader, Type typeToConvert, JsonSerializerOptions options, ReadStack& state, T& value, Boolean& isPopulatedValue)
   at System.Text.Json.Serialization.JsonConverter`1.ReadCore(Utf8JsonReader& reader, JsonSerializerOptions options, ReadStack& state)
   at System.Text.Json.JsonSerializer.ReadFromSpan[TValue](ReadOnlySpan`1 utf8Json, JsonTypeInfo`1 jsonTypeInfo, Nullable`1 actualByteCount)
   at System.Text.Json.JsonSerializer.ReadFromSpan[TValue](ReadOnlySpan`1 json, JsonTypeInfo`1 jsonTypeInfo)
   at lambda_method254(Closure, QueryContext, DbDataReader, ResultContext, SplitQueryResultCoordinator)
   at Microsoft.EntityFrameworkCore.Query.Internal.SplitQueryingEnumerable`1.AsyncEnumerator.MoveNextAsync()
   at Microsoft.EntityFrameworkCore.Query.ShapedQueryCompilingExpressionVisitor.SingleOrDefaultAsync[TSource](IAsyncEnumerable`1 asyncEnumerable, CancellationToken cancellationToken)
   at Microsoft.EntityFrameworkCore.Query.ShapedQueryCompilingExpressionVisitor.SingleOrDefaultAsync[TSource](IAsyncEnumerable`1 asyncEnumerable, CancellationToken cancellationToken)
   at MyScheduling.Api.Controllers.AuthController.Login(LoginRequest request) in C:\Users\GeoffVaughan\.vscode\Workspace\myScheduling\backend\src\MyScheduling.Api\Controllers\AuthController.cs:line 55
2025-12-15 10:08:54.327 -05:00 [ERR] [op1hx35jk3l] [anonymous] HTTP POST /api/auth/login responded 500 in 85ms
2025-12-15 10:09:09.175 -05:00 [INF] [571385dc2ab2] [anonymous] Azure Email Service initialized with sender: DoNotReply@3a748adb-2be6-4d17-9c63-b4f7b9fc0043.azurecomm.net
2025-12-15 10:09:09.176 -05:00 [INF] [571385dc2ab2] [anonymous] HTTP GET /api/auth/sso/config responded 200 in 4ms
2025-12-15 10:09:23.853 -05:00 [INF] [ezw7pi05a4d] [anonymous] Azure Email Service initialized with sender: DoNotReply@3a748adb-2be6-4d17-9c63-b4f7b9fc0043.azurecomm.net
2025-12-15 10:09:23.890 -05:00 [ERR] [ezw7pi05a4d] [anonymous] An exception occurred while iterating over the results of a query for context type 'MyScheduling.Infrastructure.Data.MySchedulingDbContext'.
System.Text.Json.JsonException: The JSON value could not be converted to System.Collections.Generic.List`1[System.Guid]. Path: $ | LineNumber: 0 | BytePositionInLine: 1.
   at System.Text.Json.ThrowHelper.ThrowJsonException_DeserializeUnableToConvertValue(Type propertyType)
   at System.Text.Json.Serialization.JsonCollectionConverter`2.OnTryRead(Utf8JsonReader& reader, Type typeToConvert, JsonSerializerOptions options, ReadStack& state, TCollection& value)
   at System.Text.Json.Serialization.JsonConverter`1.TryRead(Utf8JsonReader& reader, Type typeToConvert, JsonSerializerOptions options, ReadStack& state, T& value, Boolean& isPopulatedValue)
   at System.Text.Json.Serialization.JsonConverter`1.ReadCore(Utf8JsonReader& reader, JsonSerializerOptions options, ReadStack& state)
   at System.Text.Json.JsonSerializer.ReadFromSpan[TValue](ReadOnlySpan`1 utf8Json, JsonTypeInfo`1 jsonTypeInfo, Nullable`1 actualByteCount)
   at System.Text.Json.JsonSerializer.ReadFromSpan[TValue](ReadOnlySpan`1 json, JsonTypeInfo`1 jsonTypeInfo)
   at lambda_method254(Closure, QueryContext, DbDataReader, ResultContext, SplitQueryResultCoordinator)
   at Microsoft.EntityFrameworkCore.Query.Internal.SplitQueryingEnumerable`1.AsyncEnumerator.MoveNextAsync()
System.Text.Json.JsonException: The JSON value could not be converted to System.Collections.Generic.List`1[System.Guid]. Path: $ | LineNumber: 0 | BytePositionInLine: 1.
   at System.Text.Json.ThrowHelper.ThrowJsonException_DeserializeUnableToConvertValue(Type propertyType)
   at System.Text.Json.Serialization.JsonCollectionConverter`2.OnTryRead(Utf8JsonReader& reader, Type typeToConvert, JsonSerializerOptions options, ReadStack& state, TCollection& value)
   at System.Text.Json.Serialization.JsonConverter`1.TryRead(Utf8JsonReader& reader, Type typeToConvert, JsonSerializerOptions options, ReadStack& state, T& value, Boolean& isPopulatedValue)
   at System.Text.Json.Serialization.JsonConverter`1.ReadCore(Utf8JsonReader& reader, JsonSerializerOptions options, ReadStack& state)
   at System.Text.Json.JsonSerializer.ReadFromSpan[TValue](ReadOnlySpan`1 utf8Json, JsonTypeInfo`1 jsonTypeInfo, Nullable`1 actualByteCount)
   at System.Text.Json.JsonSerializer.ReadFromSpan[TValue](ReadOnlySpan`1 json, JsonTypeInfo`1 jsonTypeInfo)
   at lambda_method254(Closure, QueryContext, DbDataReader, ResultContext, SplitQueryResultCoordinator)
   at Microsoft.EntityFrameworkCore.Query.Internal.SplitQueryingEnumerable`1.AsyncEnumerator.MoveNextAsync()
2025-12-15 10:09:23.891 -05:00 [ERR] [ezw7pi05a4d] [anonymous] Error during login for email: admin@admin.com
System.Text.Json.JsonException: The JSON value could not be converted to System.Collections.Generic.List`1[System.Guid]. Path: $ | LineNumber: 0 | BytePositionInLine: 1.
   at System.Text.Json.ThrowHelper.ThrowJsonException_DeserializeUnableToConvertValue(Type propertyType)
   at System.Text.Json.Serialization.JsonCollectionConverter`2.OnTryRead(Utf8JsonReader& reader, Type typeToConvert, JsonSerializerOptions options, ReadStack& state, TCollection& value)
   at System.Text.Json.Serialization.JsonConverter`1.TryRead(Utf8JsonReader& reader, Type typeToConvert, JsonSerializerOptions options, ReadStack& state, T& value, Boolean& isPopulatedValue)
   at System.Text.Json.Serialization.JsonConverter`1.ReadCore(Utf8JsonReader& reader, JsonSerializerOptions options, ReadStack& state)
   at System.Text.Json.JsonSerializer.ReadFromSpan[TValue](ReadOnlySpan`1 utf8Json, JsonTypeInfo`1 jsonTypeInfo, Nullable`1 actualByteCount)
   at System.Text.Json.JsonSerializer.ReadFromSpan[TValue](ReadOnlySpan`1 json, JsonTypeInfo`1 jsonTypeInfo)
   at lambda_method254(Closure, QueryContext, DbDataReader, ResultContext, SplitQueryResultCoordinator)
   at Microsoft.EntityFrameworkCore.Query.Internal.SplitQueryingEnumerable`1.AsyncEnumerator.MoveNextAsync()
   at Microsoft.EntityFrameworkCore.Query.ShapedQueryCompilingExpressionVisitor.SingleOrDefaultAsync[TSource](IAsyncEnumerable`1 asyncEnumerable, CancellationToken cancellationToken)
   at Microsoft.EntityFrameworkCore.Query.ShapedQueryCompilingExpressionVisitor.SingleOrDefaultAsync[TSource](IAsyncEnumerable`1 asyncEnumerable, CancellationToken cancellationToken)
   at MyScheduling.Api.Controllers.AuthController.Login(LoginRequest request) in C:\Users\GeoffVaughan\.vscode\Workspace\myScheduling\backend\src\MyScheduling.Api\Controllers\AuthController.cs:line 55
2025-12-15 10:09:23.929 -05:00 [ERR] [ezw7pi05a4d] [anonymous] HTTP POST /api/auth/login responded 500 in 76ms
2025-12-15 10:09:49.006 -05:00 [INF] [ezw7pi05a4d] [anonymous] Azure Email Service initialized with sender: DoNotReply@3a748adb-2be6-4d17-9c63-b4f7b9fc0043.azurecomm.net
2025-12-15 10:09:49.041 -05:00 [ERR] [ezw7pi05a4d] [anonymous] An exception occurred while iterating over the results of a query for context type 'MyScheduling.Infrastructure.Data.MySchedulingDbContext'.
System.Text.Json.JsonException: The JSON value could not be converted to System.Collections.Generic.List`1[System.Guid]. Path: $ | LineNumber: 0 | BytePositionInLine: 1.
   at System.Text.Json.ThrowHelper.ThrowJsonException_DeserializeUnableToConvertValue(Type propertyType)
   at System.Text.Json.Serialization.JsonCollectionConverter`2.OnTryRead(Utf8JsonReader& reader, Type typeToConvert, JsonSerializerOptions options, ReadStack& state, TCollection& value)
   at System.Text.Json.Serialization.JsonConverter`1.TryRead(Utf8JsonReader& reader, Type typeToConvert, JsonSerializerOptions options, ReadStack& state, T& value, Boolean& isPopulatedValue)
   at System.Text.Json.Serialization.JsonConverter`1.ReadCore(Utf8JsonReader& reader, JsonSerializerOptions options, ReadStack& state)
   at System.Text.Json.JsonSerializer.ReadFromSpan[TValue](ReadOnlySpan`1 utf8Json, JsonTypeInfo`1 jsonTypeInfo, Nullable`1 actualByteCount)
   at System.Text.Json.JsonSerializer.ReadFromSpan[TValue](ReadOnlySpan`1 json, JsonTypeInfo`1 jsonTypeInfo)
   at lambda_method254(Closure, QueryContext, DbDataReader, ResultContext, SplitQueryResultCoordinator)
   at Microsoft.EntityFrameworkCore.Query.Internal.SplitQueryingEnumerable`1.AsyncEnumerator.MoveNextAsync()
System.Text.Json.JsonException: The JSON value could not be converted to System.Collections.Generic.List`1[System.Guid]. Path: $ | LineNumber: 0 | BytePositionInLine: 1.
   at System.Text.Json.ThrowHelper.ThrowJsonException_DeserializeUnableToConvertValue(Type propertyType)
   at System.Text.Json.Serialization.JsonCollectionConverter`2.OnTryRead(Utf8JsonReader& reader, Type typeToConvert, JsonSerializerOptions options, ReadStack& state, TCollection& value)
   at System.Text.Json.Serialization.JsonConverter`1.TryRead(Utf8JsonReader& reader, Type typeToConvert, JsonSerializerOptions options, ReadStack& state, T& value, Boolean& isPopulatedValue)
   at System.Text.Json.Serialization.JsonConverter`1.ReadCore(Utf8JsonReader& reader, JsonSerializerOptions options, ReadStack& state)
   at System.Text.Json.JsonSerializer.ReadFromSpan[TValue](ReadOnlySpan`1 utf8Json, JsonTypeInfo`1 jsonTypeInfo, Nullable`1 actualByteCount)
   at System.Text.Json.JsonSerializer.ReadFromSpan[TValue](ReadOnlySpan`1 json, JsonTypeInfo`1 jsonTypeInfo)
   at lambda_method254(Closure, QueryContext, DbDataReader, ResultContext, SplitQueryResultCoordinator)
   at Microsoft.EntityFrameworkCore.Query.Internal.SplitQueryingEnumerable`1.AsyncEnumerator.MoveNextAsync()
2025-12-15 10:09:49.042 -05:00 [ERR] [ezw7pi05a4d] [anonymous] Error during login for email: admin@admin.com
System.Text.Json.JsonException: The JSON value could not be converted to System.Collections.Generic.List`1[System.Guid]. Path: $ | LineNumber: 0 | BytePositionInLine: 1.
   at System.Text.Json.ThrowHelper.ThrowJsonException_DeserializeUnableToConvertValue(Type propertyType)
   at System.Text.Json.Serialization.JsonCollectionConverter`2.OnTryRead(Utf8JsonReader& reader, Type typeToConvert, JsonSerializerOptions options, ReadStack& state, TCollection& value)
   at System.Text.Json.Serialization.JsonConverter`1.TryRead(Utf8JsonReader& reader, Type typeToConvert, JsonSerializerOptions options, ReadStack& state, T& value, Boolean& isPopulatedValue)
   at System.Text.Json.Serialization.JsonConverter`1.ReadCore(Utf8JsonReader& reader, JsonSerializerOptions options, ReadStack& state)
   at System.Text.Json.JsonSerializer.ReadFromSpan[TValue](ReadOnlySpan`1 utf8Json, JsonTypeInfo`1 jsonTypeInfo, Nullable`1 actualByteCount)
   at System.Text.Json.JsonSerializer.ReadFromSpan[TValue](ReadOnlySpan`1 json, JsonTypeInfo`1 jsonTypeInfo)
   at lambda_method254(Closure, QueryContext, DbDataReader, ResultContext, SplitQueryResultCoordinator)
   at Microsoft.EntityFrameworkCore.Query.Internal.SplitQueryingEnumerable`1.AsyncEnumerator.MoveNextAsync()
   at Microsoft.EntityFrameworkCore.Query.ShapedQueryCompilingExpressionVisitor.SingleOrDefaultAsync[TSource](IAsyncEnumerable`1 asyncEnumerable, CancellationToken cancellationToken)
   at Microsoft.EntityFrameworkCore.Query.ShapedQueryCompilingExpressionVisitor.SingleOrDefaultAsync[TSource](IAsyncEnumerable`1 asyncEnumerable, CancellationToken cancellationToken)
   at MyScheduling.Api.Controllers.AuthController.Login(LoginRequest request) in C:\Users\GeoffVaughan\.vscode\Workspace\myScheduling\backend\src\MyScheduling.Api\Controllers\AuthController.cs:line 55
2025-12-15 10:09:49.081 -05:00 [ERR] [ezw7pi05a4d] [anonymous] HTTP POST /api/auth/login responded 500 in 76ms
2025-12-15 13:08:59.981 -05:00 [WRN] [] [] Entity 'Tenant' has a global query filter defined and is the required end of a relationship with the entity 'UserInvitation'. This may lead to unexpected results when the required entity is filtered out. Either configure the navigation as optional, or define matching query filters for both entities in the navigation. See https://go.microsoft.com/fwlink/?linkid=2131316 for more information.
2025-12-15 13:09:00.068 -05:00 [WRN] [] [] The property 'TenantMembership.Roles' is a collection or enumeration type with a value converter but with no value comparer. Set a value comparer to ensure the collection/enumeration elements are compared correctly.
2025-12-15 13:09:00.069 -05:00 [WRN] [] [] The property 'User.StandardDelegateIds' is a collection or enumeration type with a value converter but with no value comparer. Set a value comparer to ensure the collection/enumeration elements are compared correctly.
2025-12-15 15:03:06.357 -05:00 [WRN] [] [] Entity 'Tenant' has a global query filter defined and is the required end of a relationship with the entity 'UserInvitation'. This may lead to unexpected results when the required entity is filtered out. Either configure the navigation as optional, or define matching query filters for both entities in the navigation. See https://go.microsoft.com/fwlink/?linkid=2131316 for more information.
2025-12-15 15:03:06.397 -05:00 [WRN] [] [] The property 'TenantMembership.Roles' is a collection or enumeration type with a value converter but with no value comparer. Set a value comparer to ensure the collection/enumeration elements are compared correctly.
2025-12-15 15:03:06.397 -05:00 [WRN] [] [] The property 'User.StandardDelegateIds' is a collection or enumeration type with a value converter but with no value comparer. Set a value comparer to ensure the collection/enumeration elements are compared correctly.
2025-12-15 15:03:07.288 -05:00 [INF] [] [] Role permission templates checked/seeded successfully
2025-12-15 15:03:07.406 -05:00 [INF] [] [] Starting MyScheduling API
2025-12-15 15:03:07.406 -05:00 [INF] [] [] Checking for pending database migrations...
2025-12-15 15:03:07.780 -05:00 [INF] [] [] No pending database migrations
2025-12-15 15:03:08.203 -05:00 [WRN] [437fa6e99541] [] Failed to determine the https port for redirect.
2025-12-15 15:04:24.968 -05:00 [WRN] [74pww1vqt52] [anonymous] HTTP GET /api/helparticles responded 401 in 5ms
2025-12-15 15:04:25.271 -05:00 [INF] [11c025c4ceb8] [anonymous] HTTP GET /api/auth/sso/config responded 200 in 30ms
2025-12-15 15:04:29.581 -05:00 [INF] [vhulmpp2wgp] [anonymous] Successful login for user admin@admin.com
2025-12-15 15:04:29.657 -05:00 [INF] [vhulmpp2wgp] [anonymous] HTTP POST /api/auth/login responded 200 in 782ms
2025-12-15 15:04:29.743 -05:00 [INF] [vhulmpp2wgp] [anonymous] HTTP GET /api/helparticles responded 200 in 82ms
2025-12-15 15:04:31.069 -05:00 [INF] [vhulmpp2wgp] [anonymous] HTTP GET /api/certifications/expiring responded 200 in 121ms
2025-12-15 15:04:31.389 -05:00 [INF] [vhulmpp2wgp] [anonymous] HTTP GET /api/assignmentrequests responded 200 in 443ms
2025-12-15 15:04:31.389 -05:00 [INF] [vhulmpp2wgp] [anonymous] HTTP GET /api/delegationofauthority/letters/range responded 200 in 317ms
2025-12-15 15:04:31.392 -05:00 [INF] [vhulmpp2wgp] [anonymous] HTTP GET /api/tenantsettings responded 200 in 447ms
2025-12-15 15:04:31.395 -05:00 [INF] [vhulmpp2wgp] [anonymous] HTTP GET /api/bookings responded 200 in 447ms
2025-12-15 15:04:31.399 -05:00 [INF] [vhulmpp2wgp] [anonymous] HTTP GET /api/assignmentrequests responded 200 in 454ms
2025-12-15 15:04:31.417 -05:00 [INF] [vhulmpp2wgp] [b10dac11-72fb-44ce-accb-c4074fba045b] Dashboard data retrieved for user "b10dac11-72fb-44ce-accb-c4074fba045b"
2025-12-15 15:04:31.421 -05:00 [INF] [vhulmpp2wgp] [anonymous] HTTP GET /api/dashboard responded 200 in 473ms
2025-12-15 15:04:31.426 -05:00 [INF] [vhulmpp2wgp] [anonymous] HTTP GET /api/helparticles responded 200 in 30ms
2025-12-15 15:04:31.481 -05:00 [INF] [vhulmpp2wgp] [anonymous] HTTP GET /api/projectassignments responded 200 in 88ms
2025-12-15 15:04:31.504 -05:00 [INF] [vhulmpp2wgp] [anonymous] HTTP GET /api/forecasts/my-forecasts responded 200 in 110ms
2025-12-15 15:04:42.760 -05:00 [INF] [o4z8xnox1] [anonymous] HTTP GET /api/certifications/expiring responded 200 in 62ms
2025-12-15 15:04:42.764 -05:00 [INF] [o4z8xnox1] [anonymous] HTTP GET /api/tenantsettings responded 200 in 69ms
2025-12-15 15:04:42.766 -05:00 [INF] [o4z8xnox1] [anonymous] HTTP GET /api/bookings responded 200 in 68ms
2025-12-15 15:04:42.769 -05:00 [INF] [o4z8xnox1] [anonymous] HTTP GET /api/assignmentrequests responded 200 in 74ms
2025-12-15 15:04:42.772 -05:00 [INF] [o4z8xnox1] [anonymous] HTTP GET /api/assignmentrequests responded 200 in 77ms
2025-12-15 15:04:42.794 -05:00 [INF] [o4z8xnox1] [b10dac11-72fb-44ce-accb-c4074fba045b] Dashboard data retrieved for user "b10dac11-72fb-44ce-accb-c4074fba045b"
2025-12-15 15:04:42.794 -05:00 [INF] [o4z8xnox1] [anonymous] HTTP GET /api/dashboard responded 200 in 96ms
2025-12-15 15:04:42.802 -05:00 [INF] [o4z8xnox1] [anonymous] HTTP GET /api/helparticles responded 200 in 28ms
2025-12-15 15:04:42.827 -05:00 [INF] [o4z8xnox1] [anonymous] HTTP GET /api/delegationofauthority/letters/range responded 200 in 63ms
2025-12-15 15:04:42.830 -05:00 [INF] [o4z8xnox1] [anonymous] HTTP GET /api/projectassignments responded 200 in 64ms
2025-12-15 15:04:42.841 -05:00 [INF] [o4z8xnox1] [anonymous] HTTP GET /api/forecasts/my-forecasts responded 200 in 72ms
2025-12-15 15:04:50.106 -05:00 [INF] [o4z8xnox1] [anonymous] HTTP GET /api/tenants responded 200 in 73ms
2025-12-15 15:04:50.142 -05:00 [INF] [o4z8xnox1] [anonymous] HTTP GET /api/worklocationtemplates responded 200 in 110ms
2025-12-15 15:04:51.200 -05:00 [INF] [o4z8xnox1] [anonymous] HTTP GET /api/helparticles responded 200 in 32ms
2025-12-15 15:04:51.207 -05:00 [INF] [o4z8xnox1] [anonymous] HTTP GET /api/apptiles responded 200 in 40ms
2025-12-15 15:04:53.670 -05:00 [INF] [o4z8xnox1] [anonymous] HTTP GET /api/helparticles responded 200 in 29ms
2025-12-15 15:04:53.716 -05:00 [INF] [o4z8xnox1] [anonymous] HTTP GET /api/projects responded 200 in 75ms
2025-12-15 15:04:55.466 -05:00 [INF] [o4z8xnox1] [anonymous] HTTP GET /api/helparticles responded 200 in 28ms
2025-12-15 15:04:55.850 -05:00 [INF] [o4z8xnox1] [anonymous] HTTP GET /api/facilities-portal/dashboard responded 200 in 412ms
2025-12-15 15:05:14.051 -05:00 [INF] [o4z8xnox1] [anonymous] HTTP GET /api/helparticles responded 200 in 29ms
2025-12-15 15:05:14.096 -05:00 [INF] [o4z8xnox1] [anonymous] HTTP GET /api/facilities-portal/offices responded 200 in 73ms
2025-12-15 15:05:16.443 -05:00 [INF] [o4z8xnox1] [anonymous] HTTP GET /api/facilities-portal/offices/dfd1cd62-d6a9-422e-a27e-2d1052e853db responded 200 in 215ms
2025-12-15 15:05:19.793 -05:00 [INF] [o4z8xnox1] [anonymous] HTTP GET /api/bookings/spaces responded 200 in 77ms
2025-12-15 15:05:30.697 -05:00 [INF] [o4z8xnox1] [anonymous] HTTP GET /api/facilities-portal/offices/0d44c57e-6c96-49df-94f2-4c1980862be9/travel-guide responded 200 in 84ms
2025-12-15 15:05:32.879 -05:00 [INF] [o4z8xnox1] [anonymous] HTTP GET /api/facilities-portal/announcements responded 200 in 84ms
2025-12-15 15:05:34.853 -05:00 [INF] [o4z8xnox1] [anonymous] HTTP GET /api/helparticles responded 200 in 31ms
2025-12-15 15:05:34.942 -05:00 [INF] [o4z8xnox1] [anonymous] HTTP GET /api/leases responded 200 in 121ms
2025-12-15 15:05:37.303 -05:00 [INF] [o4z8xnox1] [anonymous] HTTP GET /api/leases/calendar/2025 responded 200 in 125ms
2025-12-15 15:05:45.443 -05:00 [WRN] [o4z8xnox1] [anonymous] HTTP GET /api/leases/b554b165-c3c0-4d85-97ed-4057750d16ed/option-years responded 404 in 0ms
2025-12-15 15:05:45.645 -05:00 [INF] [o4z8xnox1] [anonymous] HTTP GET /api/leases/b554b165-c3c0-4d85-97ed-4057750d16ed responded 200 in 203ms
2025-12-15 15:05:46.451 -05:00 [WRN] [o4z8xnox1] [anonymous] HTTP GET /api/leases/b554b165-c3c0-4d85-97ed-4057750d16ed/option-years responded 404 in 0ms
2025-12-15 15:07:08.206 -05:00 [INF] [o4z8xnox1] [anonymous] HTTP GET /api/assignments responded 200 in 96ms
2025-12-15 15:09:54.265 -05:00 [WRN] [] [] Entity 'Tenant' has a global query filter defined and is the required end of a relationship with the entity 'UserInvitation'. This may lead to unexpected results when the required entity is filtered out. Either configure the navigation as optional, or define matching query filters for both entities in the navigation. See https://go.microsoft.com/fwlink/?linkid=2131316 for more information.
2025-12-15 15:09:54.304 -05:00 [WRN] [] [] The property 'TenantMembership.Roles' is a collection or enumeration type with a value converter but with no value comparer. Set a value comparer to ensure the collection/enumeration elements are compared correctly.
2025-12-15 15:09:54.304 -05:00 [WRN] [] [] The property 'User.StandardDelegateIds' is a collection or enumeration type with a value converter but with no value comparer. Set a value comparer to ensure the collection/enumeration elements are compared correctly.
2025-12-15 15:09:55.214 -05:00 [INF] [] [] Role permission templates checked/seeded successfully
2025-12-15 15:09:55.308 -05:00 [INF] [] [] Starting MyScheduling API
2025-12-15 15:09:55.309 -05:00 [INF] [] [] Checking for pending database migrations...
2025-12-15 15:09:55.654 -05:00 [INF] [] [] No pending database migrations
2025-12-15 15:12:05.392 -05:00 [WRN] [o4z8xnox1] [anonymous] Failed to determine the https port for redirect.
2025-12-15 15:12:05.525 -05:00 [INF] [o4z8xnox1] [anonymous] HTTP GET /api/helparticles responded 200 in 151ms
2025-12-15 15:12:06.232 -05:00 [INF] [o4z8xnox1] [anonymous] HTTP GET /api/groups responded 200 in 858ms
2025-12-15 15:12:06.232 -05:00 [INF] [o4z8xnox1] [anonymous] HTTP GET /api/groups responded 200 in 858ms
2025-12-15 15:12:06.236 -05:00 [INF] [o4z8xnox1] [anonymous] HTTP GET /api/projects responded 200 in 863ms
2025-12-15 15:12:06.238 -05:00 [INF] [o4z8xnox1] [anonymous] HTTP GET /api/wbs responded 200 in 864ms
2025-12-15 15:12:13.418 -05:00 [INF] [o4z8xnox1] [anonymous] HTTP GET /api/helparticles responded 200 in 35ms
2025-12-15 15:12:14.745 -05:00 [INF] [o4z8xnox1] [anonymous] HTTP GET /api/helparticles responded 200 in 31ms
2025-12-15 15:12:16.788 -05:00 [INF] [o4z8xnox1] [anonymous] HTTP GET /api/helparticles responded 200 in 31ms
2025-12-15 15:12:19.851 -05:00 [INF] [o4z8xnox1] [anonymous] HTTP GET /api/helparticles responded 200 in 30ms
2025-12-15 15:12:19.999 -05:00 [INF] [o4z8xnox1] [anonymous] HTTP GET /api/user-invitations/pending responded 200 in 178ms
2025-12-15 15:12:20.101 -05:00 [INF] [o4z8xnox1] [anonymous] HTTP GET /api/users responded 200 in 280ms
2025-12-15 15:12:21.107 -05:00 [INF] [o4z8xnox1] [anonymous] HTTP GET /api/helparticles responded 200 in 32ms
2025-12-15 15:12:21.147 -05:00 [INF] [o4z8xnox1] [anonymous] HTTP GET /api/projects responded 200 in 71ms
2025-12-15 15:12:21.275 -05:00 [INF] [o4z8xnox1] [anonymous] HTTP GET /api/wbs responded 200 in 199ms
2025-12-15 15:12:36.138 -05:00 [INF] [o4z8xnox1] [anonymous] HTTP GET /api/projectassignments responded 200 in 95ms
2025-12-15 15:12:47.973 -05:00 [WRN] [o4z8xnox1] [anonymous] HTTP PUT /api/projectassignments/036e76ca-3435-4827-ad6a-cc0b3a2242d8 responded 400 in 86ms
2025-12-15 15:12:55.536 -05:00 [WRN] [o4z8xnox1] [anonymous] HTTP PUT /api/projectassignments/036e76ca-3435-4827-ad6a-cc0b3a2242d8 responded 400 in 35ms
2025-12-15 15:14:35.446 -05:00 [INF] [o4z8xnox1] [anonymous] HTTP GET /api/assignments responded 200 in 93ms
2025-12-15 15:14:41.914 -05:00 [INF] [o4z8xnox1] [anonymous] HTTP GET /api/careerjobfamilies responded 200 in 79ms
2025-12-15 15:14:41.984 -05:00 [INF] [o4z8xnox1] [anonymous] HTTP GET /api/careerjobfamilies responded 200 in 67ms
2025-12-15 15:15:14.435 -05:00 [INF] [o4z8xnox1] [b10dac11-72fb-44ce-accb-c4074fba045b] CareerJobFamily Test created in tenant "d0622130-b12a-408f-8a5e-7b9904858191" by "b10dac11-72fb-44ce-accb-c4074fba045b"
2025-12-15 15:15:14.447 -05:00 [INF] [o4z8xnox1] [anonymous] HTTP POST /api/careerjobfamilies responded 201 in 470ms
2025-12-15 15:15:14.522 -05:00 [INF] [o4z8xnox1] [anonymous] HTTP GET /api/careerjobfamilies responded 200 in 69ms
2025-12-15 15:15:19.202 -05:00 [INF] [o4z8xnox1] [b10dac11-72fb-44ce-accb-c4074fba045b] CareerJobFamily "f7fc4d4a-85a7-4a3e-bc77-ff579a95c3b2" deleted by "b10dac11-72fb-44ce-accb-c4074fba045b"
2025-12-15 15:15:19.204 -05:00 [INF] [o4z8xnox1] [anonymous] HTTP DELETE /api/careerjobfamilies/f7fc4d4a-85a7-4a3e-bc77-ff579a95c3b2 responded 204 in 220ms
2025-12-15 15:15:19.276 -05:00 [INF] [o4z8xnox1] [anonymous] HTTP GET /api/careerjobfamilies responded 200 in 67ms
2025-12-15 15:15:21.237 -05:00 [INF] [o4z8xnox1] [anonymous] HTTP GET /api/admin/impersonation/sessions responded 200 in 120ms
2025-12-15 15:15:23.393 -05:00 [INF] [o4z8xnox1] [anonymous] HTTP GET /api/helparticles responded 200 in 31ms
2025-12-15 15:15:38.271 -05:00 [INF] [o4z8xnox1] [anonymous] Cancelled invitation "387b84b3-5a3a-43a9-b8de-05414a4c51e0"
2025-12-15 15:15:38.272 -05:00 [INF] [o4z8xnox1] [anonymous] HTTP DELETE /api/user-invitations/387b84b3-5a3a-43a9-b8de-05414a4c51e0 responded 204 in 114ms
2025-12-15 15:15:38.347 -05:00 [INF] [o4z8xnox1] [anonymous] HTTP GET /api/user-invitations/pending responded 200 in 68ms
2025-12-15 15:15:40.708 -05:00 [INF] [o4z8xnox1] [anonymous] Cancelled invitation "6a3b6efd-047f-43d7-b46e-8c66ef6e1251"
2025-12-15 15:15:40.708 -05:00 [INF] [o4z8xnox1] [anonymous] HTTP DELETE /api/user-invitations/6a3b6efd-047f-43d7-b46e-8c66ef6e1251 responded 204 in 102ms
2025-12-15 15:15:40.780 -05:00 [INF] [o4z8xnox1] [anonymous] HTTP GET /api/user-invitations/pending responded 200 in 66ms
2025-12-15 15:15:49.364 -05:00 [INF] [o4z8xnox1] [anonymous] HTTP GET /api/users responded 200 in 261ms
2025-12-15 15:15:49.537 -05:00 [INF] [o4z8xnox1] [anonymous] HTTP GET /api/teamcalendar responded 200 in 437ms
2025-12-15 15:15:49.606 -05:00 [INF] [o4z8xnox1] [anonymous] HTTP GET /api/teamcalendar responded 200 in 64ms
2025-12-15 15:16:13.228 -05:00 [INF] [o4z8xnox1] [b10dac11-72fb-44ce-accb-c4074fba045b] 2 members bulk-added to team calendar "d4bcde52-3c65-401e-9c10-6280d8fe52d3" by user "b10dac11-72fb-44ce-accb-c4074fba045b"
2025-12-15 15:16:13.229 -05:00 [INF] [o4z8xnox1] [anonymous] HTTP POST /api/teamcalendar/d4bcde52-3c65-401e-9c10-6280d8fe52d3/members/bulk responded 200 in 302ms
2025-12-15 15:16:13.338 -05:00 [INF] [o4z8xnox1] [anonymous] HTTP GET /api/teamcalendar responded 200 in 105ms
2025-12-15 15:16:13.415 -05:00 [INF] [o4z8xnox1] [anonymous] HTTP GET /api/teamcalendar responded 200 in 71ms
2025-12-15 15:17:26.759 -05:00 [INF] [o4z8xnox1] [anonymous] HTTP GET /api/helparticles responded 200 in 32ms
2025-12-15 15:17:27.579 -05:00 [INF] [o4z8xnox1] [anonymous] HTTP GET /api/helparticles responded 200 in 31ms
2025-12-15 15:17:29.094 -05:00 [INF] [o4z8xnox1] [anonymous] HTTP GET /api/teamcalendar/available responded 200 in 147ms
2025-12-15 15:17:29.104 -05:00 [INF] [o4z8xnox1] [anonymous] HTTP GET /api/teamcalendar/manager-view responded 200 in 157ms
2025-12-15 15:17:29.200 -05:00 [INF] [o4z8xnox1] [anonymous] HTTP GET /api/teamcalendar/manager-view responded 200 in 94ms
2025-12-15 15:17:29.220 -05:00 [INF] [o4z8xnox1] [anonymous] HTTP GET /api/teamcalendar/available responded 200 in 123ms
2025-12-15 15:17:32.364 -05:00 [INF] [o4z8xnox1] [anonymous] HTTP GET /api/teamcalendar/d4bcde52-3c65-401e-9c10-6280d8fe52d3/view responded 200 in 230ms
2025-12-15 15:17:44.728 -05:00 [INF] [o4z8xnox1] [anonymous] HTTP GET /api/teamcalendar/d4bcde52-3c65-401e-9c10-6280d8fe52d3/view responded 200 in 133ms
2025-12-15 15:17:49.115 -05:00 [INF] [o4z8xnox1] [anonymous] HTTP GET /api/teamcalendar/d4bcde52-3c65-401e-9c10-6280d8fe52d3/view responded 200 in 133ms
2025-12-15 15:17:51.549 -05:00 [INF] [o4z8xnox1] [anonymous] HTTP GET /api/teamcalendar/d4bcde52-3c65-401e-9c10-6280d8fe52d3/view responded 200 in 134ms
2025-12-15 15:21:15.439 -05:00 [WRN] [] [] Entity 'Tenant' has a global query filter defined and is the required end of a relationship with the entity 'UserInvitation'. This may lead to unexpected results when the required entity is filtered out. Either configure the navigation as optional, or define matching query filters for both entities in the navigation. See https://go.microsoft.com/fwlink/?linkid=2131316 for more information.
2025-12-15 15:21:15.479 -05:00 [WRN] [] [] The property 'TenantMembership.Roles' is a collection or enumeration type with a value converter but with no value comparer. Set a value comparer to ensure the collection/enumeration elements are compared correctly.
2025-12-15 15:21:15.480 -05:00 [WRN] [] [] The property 'User.StandardDelegateIds' is a collection or enumeration type with a value converter but with no value comparer. Set a value comparer to ensure the collection/enumeration elements are compared correctly.
2025-12-15 15:21:16.425 -05:00 [INF] [] [] Role permission templates checked/seeded successfully
2025-12-15 15:21:16.526 -05:00 [INF] [] [] Starting MyScheduling API
2025-12-15 15:21:16.527 -05:00 [INF] [] [] Checking for pending database migrations...
2025-12-15 15:21:16.901 -05:00 [INF] [] [] No pending database migrations
2025-12-15 15:26:10.485 -05:00 [WRN] [y8fw6vfqc2d] [anonymous] Failed to determine the https port for redirect.
2025-12-15 15:26:10.843 -05:00 [INF] [y8fw6vfqc2d] [anonymous] HTTP GET /api/teamcalendar/available responded 200 in 395ms
2025-12-15 15:26:10.933 -05:00 [INF] [y8fw6vfqc2d] [anonymous] HTTP GET /api/helparticles responded 200 in 485ms
2025-12-15 15:26:10.974 -05:00 [INF] [y8fw6vfqc2d] [anonymous] HTTP GET /api/teamcalendar/available responded 200 in 123ms
2025-12-15 15:26:11.113 -05:00 [INF] [y8fw6vfqc2d] [anonymous] HTTP GET /api/teamcalendar/manager-view responded 200 in 665ms
2025-12-15 15:26:11.113 -05:00 [INF] [y8fw6vfqc2d] [anonymous] HTTP GET /api/teamcalendar/manager-view responded 200 in 177ms
2025-12-15 15:26:11.347 -05:00 [INF] [y8fw6vfqc2d] [anonymous] HTTP GET /api/assignmentrequests responded 200 in 899ms
2025-12-15 15:26:11.350 -05:00 [INF] [y8fw6vfqc2d] [anonymous] HTTP GET /api/tenantsettings responded 200 in 902ms
2025-12-15 15:26:11.356 -05:00 [INF] [y8fw6vfqc2d] [anonymous] HTTP GET /api/assignmentrequests responded 200 in 908ms
2025-12-15 15:26:14.338 -05:00 [INF] [y8fw6vfqc2d] [anonymous] HTTP GET /api/teamcalendar/d4bcde52-3c65-401e-9c10-6280d8fe52d3/view responded 200 in 197ms
2025-12-15 15:27:45.212 -05:00 [INF] [y8fw6vfqc2d] [anonymous] HTTP GET /api/teamcalendar/manager-view responded 200 in 89ms
2025-12-15 15:27:45.249 -05:00 [INF] [y8fw6vfqc2d] [anonymous] HTTP GET /api/teamcalendar/available responded 200 in 125ms
2025-12-15 15:28:00.231 -05:00 [INF] [y8fw6vfqc2d] [anonymous] HTTP GET /api/teamcalendar/manager-view responded 200 in 101ms
2025-12-15 15:28:00.239 -05:00 [INF] [y8fw6vfqc2d] [anonymous] HTTP GET /api/teamcalendar/available responded 200 in 109ms
2025-12-15 15:29:03.887 -05:00 [INF] [y8fw6vfqc2d] [anonymous] HTTP GET /api/teamcalendar/d4bcde52-3c65-401e-9c10-6280d8fe52d3/view responded 200 in 149ms
2025-12-15 15:29:11.629 -05:00 [INF] [y8fw6vfqc2d] [anonymous] HTTP GET /api/teamcalendar/d4bcde52-3c65-401e-9c10-6280d8fe52d3/view responded 200 in 137ms
2025-12-15 15:29:14.370 -05:00 [INF] [y8fw6vfqc2d] [anonymous] HTTP GET /api/teamcalendar/d4bcde52-3c65-401e-9c10-6280d8fe52d3/view responded 200 in 133ms
2025-12-15 15:44:05.956 -05:00 [WRN] [] [] Entity 'Tenant' has a global query filter defined and is the required end of a relationship with the entity 'UserInvitation'. This may lead to unexpected results when the required entity is filtered out. Either configure the navigation as optional, or define matching query filters for both entities in the navigation. See https://go.microsoft.com/fwlink/?linkid=2131316 for more information.
2025-12-15 15:44:06.053 -05:00 [WRN] [] [] The property 'TenantMembership.Roles' is a collection or enumeration type with a value converter but with no value comparer. Set a value comparer to ensure the collection/enumeration elements are compared correctly.
2025-12-15 15:44:06.054 -05:00 [WRN] [] [] The property 'User.StandardDelegateIds' is a collection or enumeration type with a value converter but with no value comparer. Set a value comparer to ensure the collection/enumeration elements are compared correctly.
2025-12-15 15:44:08.530 -05:00 [WRN] [] [] Entity 'Tenant' has a global query filter defined and is the required end of a relationship with the entity 'UserInvitation'. This may lead to unexpected results when the required entity is filtered out. Either configure the navigation as optional, or define matching query filters for both entities in the navigation. See https://go.microsoft.com/fwlink/?linkid=2131316 for more information.
2025-12-15 15:44:08.555 -05:00 [WRN] [] [] The property 'TenantMembership.Roles' is a collection or enumeration type with a value converter but with no value comparer. Set a value comparer to ensure the collection/enumeration elements are compared correctly.
2025-12-15 15:44:08.556 -05:00 [WRN] [] [] The property 'User.StandardDelegateIds' is a collection or enumeration type with a value converter but with no value comparer. Set a value comparer to ensure the collection/enumeration elements are compared correctly.
2025-12-15 15:44:38.408 -05:00 [WRN] [] [] Entity 'Tenant' has a global query filter defined and is the required end of a relationship with the entity 'UserInvitation'. This may lead to unexpected results when the required entity is filtered out. Either configure the navigation as optional, or define matching query filters for both entities in the navigation. See https://go.microsoft.com/fwlink/?linkid=2131316 for more information.
2025-12-15 15:44:38.504 -05:00 [WRN] [] [] The property 'TenantMembership.Roles' is a collection or enumeration type with a value converter but with no value comparer. Set a value comparer to ensure the collection/enumeration elements are compared correctly.
2025-12-15 15:44:38.506 -05:00 [WRN] [] [] The property 'User.StandardDelegateIds' is a collection or enumeration type with a value converter but with no value comparer. Set a value comparer to ensure the collection/enumeration elements are compared correctly.
2025-12-15 15:44:40.151 -05:00 [INF] [] [] Role permission templates checked/seeded successfully
2025-12-15 15:44:40.435 -05:00 [INF] [] [] Starting MyScheduling API
2025-12-15 15:44:40.437 -05:00 [INF] [] [] Checking for pending database migrations...
2025-12-15 15:44:40.826 -05:00 [INF] [] [] Applying 1 pending migration(s): 20251215204409_AddSecuritySettingsToTenantSettings
2025-12-15 15:44:42.324 -05:00 [INF] [] [] Database migrations applied successfully
2025-12-15 15:53:58.169 -05:00 [WRN] [] [] Entity 'User' has a global query filter defined and is the required end of a relationship with the entity 'RefreshToken'. This may lead to unexpected results when the required entity is filtered out. Either configure the navigation as optional, or define matching query filters for both entities in the navigation. See https://go.microsoft.com/fwlink/?linkid=2131316 for more information.
2025-12-15 15:53:58.201 -05:00 [WRN] [] [] Entity 'Tenant' has a global query filter defined and is the required end of a relationship with the entity 'UserInvitation'. This may lead to unexpected results when the required entity is filtered out. Either configure the navigation as optional, or define matching query filters for both entities in the navigation. See https://go.microsoft.com/fwlink/?linkid=2131316 for more information.
2025-12-15 15:53:58.267 -05:00 [WRN] [] [] The property 'TenantMembership.Roles' is a collection or enumeration type with a value converter but with no value comparer. Set a value comparer to ensure the collection/enumeration elements are compared correctly.
2025-12-15 15:53:58.269 -05:00 [WRN] [] [] The property 'User.StandardDelegateIds' is a collection or enumeration type with a value converter but with no value comparer. Set a value comparer to ensure the collection/enumeration elements are compared correctly.
2025-12-15 15:54:00.825 -05:00 [WRN] [] [] Entity 'User' has a global query filter defined and is the required end of a relationship with the entity 'RefreshToken'. This may lead to unexpected results when the required entity is filtered out. Either configure the navigation as optional, or define matching query filters for both entities in the navigation. See https://go.microsoft.com/fwlink/?linkid=2131316 for more information.
2025-12-15 15:54:00.826 -05:00 [WRN] [] [] Entity 'Tenant' has a global query filter defined and is the required end of a relationship with the entity 'UserInvitation'. This may lead to unexpected results when the required entity is filtered out. Either configure the navigation as optional, or define matching query filters for both entities in the navigation. See https://go.microsoft.com/fwlink/?linkid=2131316 for more information.
2025-12-15 15:54:00.852 -05:00 [WRN] [] [] The property 'TenantMembership.Roles' is a collection or enumeration type with a value converter but with no value comparer. Set a value comparer to ensure the collection/enumeration elements are compared correctly.
2025-12-15 15:54:00.853 -05:00 [WRN] [] [] The property 'User.StandardDelegateIds' is a collection or enumeration type with a value converter but with no value comparer. Set a value comparer to ensure the collection/enumeration elements are compared correctly.
2025-12-15 21:16:20.547 -05:00 [WRN] [] [] Entity 'User' has a global query filter defined and is the required end of a relationship with the entity 'RefreshToken'. This may lead to unexpected results when the required entity is filtered out. Either configure the navigation as optional, or define matching query filters for both entities in the navigation. See https://go.microsoft.com/fwlink/?linkid=2131316 for more information.
2025-12-15 21:16:20.565 -05:00 [WRN] [] [] Entity 'Tenant' has a global query filter defined and is the required end of a relationship with the entity 'UserInvitation'. This may lead to unexpected results when the required entity is filtered out. Either configure the navigation as optional, or define matching query filters for both entities in the navigation. See https://go.microsoft.com/fwlink/?linkid=2131316 for more information.
2025-12-15 21:16:20.590 -05:00 [WRN] [] [] The property 'TenantMembership.Roles' is a collection or enumeration type with a value converter but with no value comparer. Set a value comparer to ensure the collection/enumeration elements are compared correctly.
2025-12-15 21:16:20.590 -05:00 [WRN] [] [] The property 'User.StandardDelegateIds' is a collection or enumeration type with a value converter but with no value comparer. Set a value comparer to ensure the collection/enumeration elements are compared correctly.
2025-12-15 21:16:20.600 -05:00 [WRN] [] [] The foreign key property 'SalesOpportunity.LossReasonId1' was created in shadow state because a conflicting property with the simple name 'LossReasonId' exists in the entity type, but is either not mapped, is already used for another relationship, or is incompatible with the associated primary key type. See https://aka.ms/efcore-relationships for information on mapping relationships in EF Core.
2025-12-15 21:16:21.899 -05:00 [WRN] [] [] Entity 'User' has a global query filter defined and is the required end of a relationship with the entity 'RefreshToken'. This may lead to unexpected results when the required entity is filtered out. Either configure the navigation as optional, or define matching query filters for both entities in the navigation. See https://go.microsoft.com/fwlink/?linkid=2131316 for more information.
2025-12-15 21:16:21.899 -05:00 [WRN] [] [] Entity 'Tenant' has a global query filter defined and is the required end of a relationship with the entity 'UserInvitation'. This may lead to unexpected results when the required entity is filtered out. Either configure the navigation as optional, or define matching query filters for both entities in the navigation. See https://go.microsoft.com/fwlink/?linkid=2131316 for more information.
2025-12-15 21:16:21.908 -05:00 [WRN] [] [] The property 'TenantMembership.Roles' is a collection or enumeration type with a value converter but with no value comparer. Set a value comparer to ensure the collection/enumeration elements are compared correctly.
2025-12-15 21:16:21.908 -05:00 [WRN] [] [] The property 'User.StandardDelegateIds' is a collection or enumeration type with a value converter but with no value comparer. Set a value comparer to ensure the collection/enumeration elements are compared correctly.
2025-12-15 21:16:21.910 -05:00 [WRN] [] [] The foreign key property 'SalesOpportunity.LossReasonId1' was created in shadow state because a conflicting property with the simple name 'LossReasonId' exists in the entity type, but is either not mapped, is already used for another relationship, or is incompatible with the associated primary key type. See https://aka.ms/efcore-relationships for information on mapping relationships in EF Core.
2025-12-15 21:16:48.281 -05:00 [WRN] [] [] Entity 'User' has a global query filter defined and is the required end of a relationship with the entity 'RefreshToken'. This may lead to unexpected results when the required entity is filtered out. Either configure the navigation as optional, or define matching query filters for both entities in the navigation. See https://go.microsoft.com/fwlink/?linkid=2131316 for more information.
2025-12-15 21:16:48.299 -05:00 [WRN] [] [] Entity 'Tenant' has a global query filter defined and is the required end of a relationship with the entity 'UserInvitation'. This may lead to unexpected results when the required entity is filtered out. Either configure the navigation as optional, or define matching query filters for both entities in the navigation. See https://go.microsoft.com/fwlink/?linkid=2131316 for more information.
2025-12-15 21:16:48.325 -05:00 [WRN] [] [] The property 'TenantMembership.Roles' is a collection or enumeration type with a value converter but with no value comparer. Set a value comparer to ensure the collection/enumeration elements are compared correctly.
2025-12-15 21:16:48.325 -05:00 [WRN] [] [] The property 'User.StandardDelegateIds' is a collection or enumeration type with a value converter but with no value comparer. Set a value comparer to ensure the collection/enumeration elements are compared correctly.
2025-12-15 21:16:49.723 -05:00 [WRN] [] [] Entity 'User' has a global query filter defined and is the required end of a relationship with the entity 'RefreshToken'. This may lead to unexpected results when the required entity is filtered out. Either configure the navigation as optional, or define matching query filters for both entities in the navigation. See https://go.microsoft.com/fwlink/?linkid=2131316 for more information.
2025-12-15 21:16:49.723 -05:00 [WRN] [] [] Entity 'Tenant' has a global query filter defined and is the required end of a relationship with the entity 'UserInvitation'. This may lead to unexpected results when the required entity is filtered out. Either configure the navigation as optional, or define matching query filters for both entities in the navigation. See https://go.microsoft.com/fwlink/?linkid=2131316 for more information.
2025-12-15 21:16:49.733 -05:00 [WRN] [] [] The property 'TenantMembership.Roles' is a collection or enumeration type with a value converter but with no value comparer. Set a value comparer to ensure the collection/enumeration elements are compared correctly.
2025-12-15 21:16:49.734 -05:00 [WRN] [] [] The property 'User.StandardDelegateIds' is a collection or enumeration type with a value converter but with no value comparer. Set a value comparer to ensure the collection/enumeration elements are compared correctly.
2025-12-15 21:16:57.324 -05:00 [WRN] [] [] Entity 'User' has a global query filter defined and is the required end of a relationship with the entity 'RefreshToken'. This may lead to unexpected results when the required entity is filtered out. Either configure the navigation as optional, or define matching query filters for both entities in the navigation. See https://go.microsoft.com/fwlink/?linkid=2131316 for more information.
2025-12-15 21:16:57.341 -05:00 [WRN] [] [] Entity 'Tenant' has a global query filter defined and is the required end of a relationship with the entity 'UserInvitation'. This may lead to unexpected results when the required entity is filtered out. Either configure the navigation as optional, or define matching query filters for both entities in the navigation. See https://go.microsoft.com/fwlink/?linkid=2131316 for more information.
2025-12-15 21:16:57.366 -05:00 [WRN] [] [] The property 'TenantMembership.Roles' is a collection or enumeration type with a value converter but with no value comparer. Set a value comparer to ensure the collection/enumeration elements are compared correctly.
2025-12-15 21:16:57.367 -05:00 [WRN] [] [] The property 'User.StandardDelegateIds' is a collection or enumeration type with a value converter but with no value comparer. Set a value comparer to ensure the collection/enumeration elements are compared correctly.
2025-12-15 21:16:58.656 -05:00 [WRN] [] [] Entity 'User' has a global query filter defined and is the required end of a relationship with the entity 'RefreshToken'. This may lead to unexpected results when the required entity is filtered out. Either configure the navigation as optional, or define matching query filters for both entities in the navigation. See https://go.microsoft.com/fwlink/?linkid=2131316 for more information.
2025-12-15 21:16:58.657 -05:00 [WRN] [] [] Entity 'Tenant' has a global query filter defined and is the required end of a relationship with the entity 'UserInvitation'. This may lead to unexpected results when the required entity is filtered out. Either configure the navigation as optional, or define matching query filters for both entities in the navigation. See https://go.microsoft.com/fwlink/?linkid=2131316 for more information.
2025-12-15 21:16:58.666 -05:00 [WRN] [] [] The property 'TenantMembership.Roles' is a collection or enumeration type with a value converter but with no value comparer. Set a value comparer to ensure the collection/enumeration elements are compared correctly.
2025-12-15 21:16:58.667 -05:00 [WRN] [] [] The property 'User.StandardDelegateIds' is a collection or enumeration type with a value converter but with no value comparer. Set a value comparer to ensure the collection/enumeration elements are compared correctly.
